<?xml version="1.0" encoding="UTF-8"?>
<testsuites name="DaftarAkun" time="154" tests="2" failures="2" errors="0">
   <testsuite name="DaftarAkun" tests="2" failures="2" errors="0" time="154" timestamp="2019-04-01 03:08:59" hostname="tomyhidayat - 192.168.50.5" id="Test Suites/DaftarAkun">
      <properties>
         <property name="deviceName" value="emulator-5554 (Android SDK built for x86 - Android 8.1.0)"/>
         <property name="devicePlatform" value=""/>
         <property name="logFolder" value="/Users/tomyhidayat/Documents/OneDrive/comp/ACC/katalon_sourcecode/acc-implementation/accone-mobile/Reports/DaftarAkun/20190401_030852"/>
         <property name="logFiles" value="/Users/tomyhidayat/Documents/OneDrive/comp/ACC/katalon_sourcecode/acc-implementation/accone-mobile/Reports/DaftarAkun/20190401_030852/execution0.log, /Users/tomyhidayat/Documents/OneDrive/comp/ACC/katalon_sourcecode/acc-implementation/accone-mobile/Reports/DaftarAkun/20190401_030852/appium.log"/>
         <property name="attachments" value="/Users/tomyhidayat/Documents/OneDrive/comp/ACC/katalon_sourcecode/acc-implementation/accone-mobile/Reports/DaftarAkun/20190401_030852/1554062999225.png, /Users/tomyhidayat/Documents/OneDrive/comp/ACC/katalon_sourcecode/acc-implementation/accone-mobile/Reports/DaftarAkun/20190401_030852/1554062999684.png, /Users/tomyhidayat/Documents/OneDrive/comp/ACC/katalon_sourcecode/acc-implementation/accone-mobile/Reports/DaftarAkun/20190401_030852/1554063028524.png, /Users/tomyhidayat/Documents/OneDrive/comp/ACC/katalon_sourcecode/acc-implementation/accone-mobile/Reports/DaftarAkun/20190401_030852/1554063029005.png"/>
         <property name="hostName" value="tomyhidayat - 192.168.50.5"/>
         <property name="os" value="Mac OS X 64bit"/>
         <property name="katalonVersion" value="6.0.5.4"/>
         <property name="deviceOS" value="Android"/>
         <property name="appiumVersion" value="1.8.1"/>
         <property name="deviceModel" value="Android SDK built for x86"/>
         <property name="hostAddress" value="192.168.50.5"/>
         <property name="deviceManufacturer" value="Google"/>
         <property name="deviceId" value="emulator-5554"/>
         <property name="deviceName" value="emulator-5554 (Android SDK built for x86 - Android 8.1.0)"/>
         <property name="deviceOSVersion" value="8.1.0"/>
      </properties>
      <testcase name="Test Cases/Dashboard/Login/Login_DaftarAkun" classname="Test Cases/Dashboard/Login/Login_DaftarAkun" status="FAILED">
         <failure type="FAILED" message="Test Cases/Dashboard/Login/Login_DaftarAkun FAILED.
Reason:
com.kms.katalon.core.exception.StepFailedException: Failed to check for element 'Object Repository/Dashboard/Login/Daftar/Daftar_InpKodeOTP' exist
	at com.kms.katalon.core.keyword.internal.KeywordMain.stepFailed(KeywordMain.groovy:48)
	at com.kms.katalon.core.mobile.keyword.internal.MobileKeywordMain.stepFailed(MobileKeywordMain.groovy:40)
	at com.kms.katalon.core.mobile.keyword.internal.MobileKeywordMain.runKeyword(MobileKeywordMain.groovy:23)
	at com.kms.katalon.core.mobile.keyword.builtin.VerifyElementExistKeyword.verifyElementExist(VerifyElementExistKeyword.groovy:80)
	at com.kms.katalon.core.mobile.keyword.builtin.VerifyElementExistKeyword.execute(VerifyElementExistKeyword.groovy:64)
	at com.kms.katalon.core.keyword.internal.KeywordExecutor.executeKeywordForPlatform(KeywordExecutor.groovy:56)
	at com.kms.katalon.core.mobile.keyword.MobileBuiltInKeywords.verifyElementExist(MobileBuiltInKeywords.groovy:605)
	at com.kms.katalon.core.mobile.keyword.MobileBuiltInKeywords$verifyElementExist$3.call(Unknown Source)
	at Login_DaftarAkun.run(Login_DaftarAkun:41)
	at com.kms.katalon.core.main.ScriptEngine.run(ScriptEngine.java:194)
	at com.kms.katalon.core.main.ScriptEngine.runScriptAsRawText(ScriptEngine.java:119)
	at com.kms.katalon.core.main.TestCaseExecutor.runScript(TestCaseExecutor.java:331)
	at com.kms.katalon.core.main.TestCaseExecutor.doExecute(TestCaseExecutor.java:322)
	at com.kms.katalon.core.main.TestCaseExecutor.processExecutionPhase(TestCaseExecutor.java:301)
	at com.kms.katalon.core.main.TestCaseExecutor.accessMainPhase(TestCaseExecutor.java:293)
	at com.kms.katalon.core.main.TestCaseExecutor.execute(TestCaseExecutor.java:227)
	at com.kms.katalon.core.main.TestSuiteExecutor.accessTestCaseMainPhase(TestSuiteExecutor.java:129)
	at com.kms.katalon.core.main.TestSuiteExecutor.accessTestSuiteMainPhase(TestSuiteExecutor.java:112)
	at com.kms.katalon.core.main.TestSuiteExecutor.execute(TestSuiteExecutor.java:81)
	at com.kms.katalon.core.main.TestCaseMain.startTestSuite(TestCaseMain.java:157)
	at com.kms.katalon.core.main.TestCaseMain$startTestSuite$0.call(Unknown Source)
	at TempTestSuite1554062933058.run(TempTestSuite1554062933058.groovy:35)
"/>
         <system-out><![CDATA[2019-04-01 03:08:59 - [TEST_CASE][FAILED] - Test Cases/Dashboard/Login/Login_DaftarAkun: Test Cases/Dashboard/Login/Login_DaftarAkun FAILED.
Reason:
com.kms.katalon.core.exception.StepFailedException: Failed to check for element 'Object Repository/Dashboard/Login/Daftar/Daftar_InpKodeOTP' exist
	at com.kms.katalon.core.keyword.internal.KeywordMain.stepFailed(KeywordMain.groovy:48)
	at com.kms.katalon.core.mobile.keyword.internal.MobileKeywordMain.stepFailed(MobileKeywordMain.groovy:40)
	at com.kms.katalon.core.mobile.keyword.internal.MobileKeywordMain.runKeyword(MobileKeywordMain.groovy:23)
	at com.kms.katalon.core.mobile.keyword.builtin.VerifyElementExistKeyword.verifyElementExist(VerifyElementExistKeyword.groovy:80)
	at com.kms.katalon.core.mobile.keyword.builtin.VerifyElementExistKeyword.execute(VerifyElementExistKeyword.groovy:64)
	at com.kms.katalon.core.keyword.internal.KeywordExecutor.executeKeywordForPlatform(KeywordExecutor.groovy:56)
	at com.kms.katalon.core.mobile.keyword.MobileBuiltInKeywords.verifyElementExist(MobileBuiltInKeywords.groovy:605)
	at com.kms.katalon.core.mobile.keyword.MobileBuiltInKeywords$verifyElementExist$3.call(Unknown Source)
	at Login_DaftarAkun.run(Login_DaftarAkun:41)
	at com.kms.katalon.core.main.ScriptEngine.run(ScriptEngine.java:194)
	at com.kms.katalon.core.main.ScriptEngine.runScriptAsRawText(ScriptEngine.java:119)
	at com.kms.katalon.core.main.TestCaseExecutor.runScript(TestCaseExecutor.java:331)
	at com.kms.katalon.core.main.TestCaseExecutor.doExecute(TestCaseExecutor.java:322)
	at com.kms.katalon.core.main.TestCaseExecutor.processExecutionPhase(TestCaseExecutor.java:301)
	at com.kms.katalon.core.main.TestCaseExecutor.accessMainPhase(TestCaseExecutor.java:293)
	at com.kms.katalon.core.main.TestCaseExecutor.execute(TestCaseExecutor.java:227)
	at com.kms.katalon.core.main.TestSuiteExecutor.accessTestCaseMainPhase(TestSuiteExecutor.java:129)
	at com.kms.katalon.core.main.TestSuiteExecutor.accessTestSuiteMainPhase(TestSuiteExecutor.java:112)
	at com.kms.katalon.core.main.TestSuiteExecutor.execute(TestSuiteExecutor.java:81)
	at com.kms.katalon.core.main.TestCaseMain.startTestSuite(TestCaseMain.java:157)
	at com.kms.katalon.core.main.TestCaseMain$startTestSuite$0.call(Unknown Source)
	at TempTestSuite1554062933058.run(TempTestSuite1554062933058.groovy:35)


2019-04-01 03:08:59 - [TEST_STEP][PASSED] - appPath = relativeToAbsolutePath(apkname, getProjectDir()): null

2019-04-01 03:09:00 - [TEST_STEP][PASSED] - startApplication(appPath, false): Started app at: '/Users/tomyhidayat/Documents/OneDrive/comp/ACC/katalon_sourcecode/acc-implementation/accone-mobile/AccWorld.apk'

2019-04-01 03:09:02 - [MESSAGE][INFO] - Appium server started on port 52,557

2019-04-01 03:09:11 - [MESSAGE][PASSED] - Started app at: '/Users/tomyhidayat/Documents/OneDrive/comp/ACC/katalon_sourcecode/acc-implementation/accone-mobile/AccWorld.apk'

2019-04-01 03:09:11 - [TEST_STEP][PASSED] - tap(findTestObject("Dashboard/Dashboard_MenuLogin"), 0): Tapped on element 'Object Repository/Dashboard/Dashboard_MenuLogin'

2019-04-01 03:09:11 - [MESSAGE][WARNING] - Timeout '0' is invalid. Using default page load timeout: '30'

2019-04-01 03:09:19 - [MESSAGE][PASSED] - Tapped on element 'Object Repository/Dashboard/Dashboard_MenuLogin'

2019-04-01 03:09:19 - [TEST_STEP][PASSED] - tap(findTestObject("Dashboard/Login/Daftar/Login_MenuDaftar"), 0): Tapped on element 'Object Repository/Dashboard/Login/Daftar/Login_MenuDaftar'

2019-04-01 03:09:19 - [MESSAGE][WARNING] - Timeout '0' is invalid. Using default page load timeout: '30'

2019-04-01 03:09:21 - [MESSAGE][PASSED] - Tapped on element 'Object Repository/Dashboard/Login/Daftar/Login_MenuDaftar'

2019-04-01 03:09:21 - [TEST_STEP][PASSED] - setText(findTestObject("Dashboard/Login/Daftar/Daftar_InpNamaSesuaiKTP"), varName, 0): Text 'Diva Nabila' has been set to element 'Object Repository/Dashboard/Login/Daftar/Daftar_InpNamaSesuaiKTP'

2019-04-01 03:09:21 - [MESSAGE][WARNING] - Timeout '0' is invalid. Using default page load timeout: '30'

2019-04-01 03:09:21 - [MESSAGE][PASSED] - Text 'Diva Nabila' has been set to element 'Object Repository/Dashboard/Login/Daftar/Daftar_InpNamaSesuaiKTP'

2019-04-01 03:09:21 - [TEST_STEP][PASSED] - setText(findTestObject("Dashboard/Login/Daftar/Daftar_InpEmail"), varEmail, 0): Text 'divanabilaarumsarinurhadi@gmail.com' has been set to element 'Object Repository/Dashboard/Login/Daftar/Daftar_InpEmail'

2019-04-01 03:09:21 - [MESSAGE][WARNING] - Timeout '0' is invalid. Using default page load timeout: '30'

2019-04-01 03:09:23 - [MESSAGE][PASSED] - Text 'divanabilaarumsarinurhadi@gmail.com' has been set to element 'Object Repository/Dashboard/Login/Daftar/Daftar_InpEmail'

2019-04-01 03:09:23 - [TEST_STEP][PASSED] - setText(findTestObject("Dashboard/Login/Daftar/Daftar_InpNomorHandphone"), varHandphone, 0): Text '87824121997' has been set to element 'Object Repository/Dashboard/Login/Daftar/Daftar_InpNomorHandphone'

2019-04-01 03:09:23 - [MESSAGE][WARNING] - Timeout '0' is invalid. Using default page load timeout: '30'

2019-04-01 03:09:24 - [MESSAGE][PASSED] - Text '87824121997' has been set to element 'Object Repository/Dashboard/Login/Daftar/Daftar_InpNomorHandphone'

2019-04-01 03:09:24 - [TEST_STEP][PASSED] - setText(findTestObject("Dashboard/Login/Daftar/Daftar_InpPassword"), varPassword, 0, STOP_ON_FAILURE): Text 'Password1!' has been set to element 'Object Repository/Dashboard/Login/Daftar/Daftar_InpPassword'

2019-04-01 03:09:24 - [MESSAGE][WARNING] - Timeout '0' is invalid. Using default page load timeout: '30'

2019-04-01 03:09:25 - [MESSAGE][PASSED] - Text 'Password1!' has been set to element 'Object Repository/Dashboard/Login/Daftar/Daftar_InpPassword'

2019-04-01 03:09:25 - [TEST_STEP][PASSED] - setText(findTestObject("Dashboard/Login/Daftar/Daftar_InpKonfirmasiPassword"), varConfirmPassword, 0): Text 'Password1!' has been set to element 'Object Repository/Dashboard/Login/Daftar/Daftar_InpKonfirmasiPassword'

2019-04-01 03:09:25 - [MESSAGE][WARNING] - Timeout '0' is invalid. Using default page load timeout: '30'

2019-04-01 03:09:27 - [MESSAGE][PASSED] - Text 'Password1!' has been set to element 'Object Repository/Dashboard/Login/Daftar/Daftar_InpKonfirmasiPassword'

2019-04-01 03:09:27 - [TEST_STEP][PASSED] - tap(findTestObject("Dashboard/Login/Daftar/Daftar_BtnSubmitDaftar"), 0): Tapped on element 'Object Repository/Dashboard/Login/Daftar/Daftar_BtnSubmitDaftar'

2019-04-01 03:09:27 - [MESSAGE][WARNING] - Timeout '0' is invalid. Using default page load timeout: '30'

2019-04-01 03:09:29 - [MESSAGE][PASSED] - Tapped on element 'Object Repository/Dashboard/Login/Daftar/Daftar_BtnSubmitDaftar'

2019-04-01 03:09:29 - [TEST_STEP][FAILED] - switch (varExpectedResult.toString()): switch (varExpectedResult.toString()) FAILED.
Reason:
com.kms.katalon.core.exception.StepFailedException: Failed to check for element 'Object Repository/Dashboard/Login/Daftar/Daftar_InpKodeOTP' exist
	at com.kms.katalon.core.keyword.internal.KeywordMain.stepFailed(KeywordMain.groovy:48)
	at com.kms.katalon.core.mobile.keyword.internal.MobileKeywordMain.stepFailed(MobileKeywordMain.groovy:40)
	at com.kms.katalon.core.mobile.keyword.internal.MobileKeywordMain.runKeyword(MobileKeywordMain.groovy:23)
	at com.kms.katalon.core.mobile.keyword.builtin.VerifyElementExistKeyword.verifyElementExist(VerifyElementExistKeyword.groovy:80)
	at com.kms.katalon.core.mobile.keyword.builtin.VerifyElementExistKeyword.execute(VerifyElementExistKeyword.groovy:64)
	at com.kms.katalon.core.keyword.internal.KeywordExecutor.executeKeywordForPlatform(KeywordExecutor.groovy:56)
	at com.kms.katalon.core.mobile.keyword.MobileBuiltInKeywords.verifyElementExist(MobileBuiltInKeywords.groovy:605)
	at com.kms.katalon.core.mobile.keyword.MobileBuiltInKeywords$verifyElementExist$3.call(Unknown Source)
	at Login_DaftarAkun.run(Login_DaftarAkun:41)
	at com.kms.katalon.core.main.ScriptEngine.run(ScriptEngine.java:194)
	at com.kms.katalon.core.main.ScriptEngine.runScriptAsRawText(ScriptEngine.java:119)
	at com.kms.katalon.core.main.TestCaseExecutor.runScript(TestCaseExecutor.java:331)
	at com.kms.katalon.core.main.TestCaseExecutor.doExecute(TestCaseExecutor.java:322)
	at com.kms.katalon.core.main.TestCaseExecutor.processExecutionPhase(TestCaseExecutor.java:301)
	at com.kms.katalon.core.main.TestCaseExecutor.accessMainPhase(TestCaseExecutor.java:293)
	at com.kms.katalon.core.main.TestCaseExecutor.execute(TestCaseExecutor.java:227)
	at com.kms.katalon.core.main.TestSuiteExecutor.accessTestCaseMainPhase(TestSuiteExecutor.java:129)
	at com.kms.katalon.core.main.TestSuiteExecutor.accessTestSuiteMainPhase(TestSuiteExecutor.java:112)
	at com.kms.katalon.core.main.TestSuiteExecutor.execute(TestSuiteExecutor.java:81)
	at com.kms.katalon.core.main.TestCaseMain.startTestSuite(TestCaseMain.java:157)
	at com.kms.katalon.core.main.TestCaseMain$startTestSuite$0.call(Unknown Source)
	at TempTestSuite1554062933058.run(TempTestSuite1554062933058.groovy:35)


2019-04-01 03:09:29 - [TEST_STEP][FAILED] - case "PASS":: switch (varExpectedResult.toString()) FAILED.
Reason:
com.kms.katalon.core.exception.StepFailedException: Failed to check for element 'Object Repository/Dashboard/Login/Daftar/Daftar_InpKodeOTP' exist
	at com.kms.katalon.core.keyword.internal.KeywordMain.stepFailed(KeywordMain.groovy:48)
	at com.kms.katalon.core.mobile.keyword.internal.MobileKeywordMain.stepFailed(MobileKeywordMain.groovy:40)
	at com.kms.katalon.core.mobile.keyword.internal.MobileKeywordMain.runKeyword(MobileKeywordMain.groovy:23)
	at com.kms.katalon.core.mobile.keyword.builtin.VerifyElementExistKeyword.verifyElementExist(VerifyElementExistKeyword.groovy:80)
	at com.kms.katalon.core.mobile.keyword.builtin.VerifyElementExistKeyword.execute(VerifyElementExistKeyword.groovy:64)
	at com.kms.katalon.core.keyword.internal.KeywordExecutor.executeKeywordForPlatform(KeywordExecutor.groovy:56)
	at com.kms.katalon.core.mobile.keyword.MobileBuiltInKeywords.verifyElementExist(MobileBuiltInKeywords.groovy:605)
	at com.kms.katalon.core.mobile.keyword.MobileBuiltInKeywords$verifyElementExist$3.call(Unknown Source)
	at Login_DaftarAkun.run(Login_DaftarAkun:41)
	at com.kms.katalon.core.main.ScriptEngine.run(ScriptEngine.java:194)
	at com.kms.katalon.core.main.ScriptEngine.runScriptAsRawText(ScriptEngine.java:119)
	at com.kms.katalon.core.main.TestCaseExecutor.runScript(TestCaseExecutor.java:331)
	at com.kms.katalon.core.main.TestCaseExecutor.doExecute(TestCaseExecutor.java:322)
	at com.kms.katalon.core.main.TestCaseExecutor.processExecutionPhase(TestCaseExecutor.java:301)
	at com.kms.katalon.core.main.TestCaseExecutor.accessMainPhase(TestCaseExecutor.java:293)
	at com.kms.katalon.core.main.TestCaseExecutor.execute(TestCaseExecutor.java:227)
	at com.kms.katalon.core.main.TestSuiteExecutor.accessTestCaseMainPhase(TestSuiteExecutor.java:129)
	at com.kms.katalon.core.main.TestSuiteExecutor.accessTestSuiteMainPhase(TestSuiteExecutor.java:112)
	at com.kms.katalon.core.main.TestSuiteExecutor.execute(TestSuiteExecutor.java:81)
	at com.kms.katalon.core.main.TestCaseMain.startTestSuite(TestCaseMain.java:157)
	at com.kms.katalon.core.main.TestCaseMain$startTestSuite$0.call(Unknown Source)
	at TempTestSuite1554062933058.run(TempTestSuite1554062933058.groovy:35)


2019-04-01 03:09:29 - [TEST_STEP][FAILED] - verifyElementExist(findTestObject("Dashboard/Login/Daftar/Daftar_InpKodeOTP"), 0, STOP_ON_FAILURE): switch (varExpectedResult.toString()) FAILED.
Reason:
com.kms.katalon.core.exception.StepFailedException: Failed to check for element 'Object Repository/Dashboard/Login/Daftar/Daftar_InpKodeOTP' exist
	at com.kms.katalon.core.keyword.internal.KeywordMain.stepFailed(KeywordMain.groovy:48)
	at com.kms.katalon.core.mobile.keyword.internal.MobileKeywordMain.stepFailed(MobileKeywordMain.groovy:40)
	at com.kms.katalon.core.mobile.keyword.internal.MobileKeywordMain.runKeyword(MobileKeywordMain.groovy:23)
	at com.kms.katalon.core.mobile.keyword.builtin.VerifyElementExistKeyword.verifyElementExist(VerifyElementExistKeyword.groovy:80)
	at com.kms.katalon.core.mobile.keyword.builtin.VerifyElementExistKeyword.execute(VerifyElementExistKeyword.groovy:64)
	at com.kms.katalon.core.keyword.internal.KeywordExecutor.executeKeywordForPlatform(KeywordExecutor.groovy:56)
	at com.kms.katalon.core.mobile.keyword.MobileBuiltInKeywords.verifyElementExist(MobileBuiltInKeywords.groovy:605)
	at com.kms.katalon.core.mobile.keyword.MobileBuiltInKeywords$verifyElementExist$3.call(Unknown Source)
	at Login_DaftarAkun.run(Login_DaftarAkun:41)
	at com.kms.katalon.core.main.ScriptEngine.run(ScriptEngine.java:194)
	at com.kms.katalon.core.main.ScriptEngine.runScriptAsRawText(ScriptEngine.java:119)
	at com.kms.katalon.core.main.TestCaseExecutor.runScript(TestCaseExecutor.java:331)
	at com.kms.katalon.core.main.TestCaseExecutor.doExecute(TestCaseExecutor.java:322)
	at com.kms.katalon.core.main.TestCaseExecutor.processExecutionPhase(TestCaseExecutor.java:301)
	at com.kms.katalon.core.main.TestCaseExecutor.accessMainPhase(TestCaseExecutor.java:293)
	at com.kms.katalon.core.main.TestCaseExecutor.execute(TestCaseExecutor.java:227)
	at com.kms.katalon.core.main.TestSuiteExecutor.accessTestCaseMainPhase(TestSuiteExecutor.java:129)
	at com.kms.katalon.core.main.TestSuiteExecutor.accessTestSuiteMainPhase(TestSuiteExecutor.java:112)
	at com.kms.katalon.core.main.TestSuiteExecutor.execute(TestSuiteExecutor.java:81)
	at com.kms.katalon.core.main.TestCaseMain.startTestSuite(TestCaseMain.java:157)
	at com.kms.katalon.core.main.TestCaseMain$startTestSuite$0.call(Unknown Source)
	at TempTestSuite1554062933058.run(TempTestSuite1554062933058.groovy:35)


2019-04-01 03:09:29 - [MESSAGE][WARNING] - Timeout '0' is invalid. Using default page load timeout: '30'

2019-04-01 03:09:59 - [MESSAGE][FAILED] - Element 'Object Repository/Dashboard/Login/Daftar/Daftar_InpKodeOTP' not found
[[ATTACHMENT|/Users/tomyhidayat/Documents/OneDrive/comp/ACC/katalon_sourcecode/acc-implementation/accone-mobile/Reports/DaftarAkun/20190401_030852/1554062999225.png]]

2019-04-01 03:10:00 - [MESSAGE][FAILED] - Failed to check for element 'Object Repository/Dashboard/Login/Daftar/Daftar_InpKodeOTP' exist
[[ATTACHMENT|/Users/tomyhidayat/Documents/OneDrive/comp/ACC/katalon_sourcecode/acc-implementation/accone-mobile/Reports/DaftarAkun/20190401_030852/1554062999684.png]]

2019-04-01 03:10:00 - [MESSAGE][FAILED] - switch (varExpectedResult.toString()) FAILED.
Reason:
com.kms.katalon.core.exception.StepFailedException: Failed to check for element 'Object Repository/Dashboard/Login/Daftar/Daftar_InpKodeOTP' exist
	at com.kms.katalon.core.keyword.internal.KeywordMain.stepFailed(KeywordMain.groovy:48)
	at com.kms.katalon.core.mobile.keyword.internal.MobileKeywordMain.stepFailed(MobileKeywordMain.groovy:40)
	at com.kms.katalon.core.mobile.keyword.internal.MobileKeywordMain.runKeyword(MobileKeywordMain.groovy:23)
	at com.kms.katalon.core.mobile.keyword.builtin.VerifyElementExistKeyword.verifyElementExist(VerifyElementExistKeyword.groovy:80)
	at com.kms.katalon.core.mobile.keyword.builtin.VerifyElementExistKeyword.execute(VerifyElementExistKeyword.groovy:64)
	at com.kms.katalon.core.keyword.internal.KeywordExecutor.executeKeywordForPlatform(KeywordExecutor.groovy:56)
	at com.kms.katalon.core.mobile.keyword.MobileBuiltInKeywords.verifyElementExist(MobileBuiltInKeywords.groovy:605)
	at com.kms.katalon.core.mobile.keyword.MobileBuiltInKeywords$verifyElementExist$3.call(Unknown Source)
	at Login_DaftarAkun.run(Login_DaftarAkun:41)
	at com.kms.katalon.core.main.ScriptEngine.run(ScriptEngine.java:194)
	at com.kms.katalon.core.main.ScriptEngine.runScriptAsRawText(ScriptEngine.java:119)
	at com.kms.katalon.core.main.TestCaseExecutor.runScript(TestCaseExecutor.java:331)
	at com.kms.katalon.core.main.TestCaseExecutor.doExecute(TestCaseExecutor.java:322)
	at com.kms.katalon.core.main.TestCaseExecutor.processExecutionPhase(TestCaseExecutor.java:301)
	at com.kms.katalon.core.main.TestCaseExecutor.accessMainPhase(TestCaseExecutor.java:293)
	at com.kms.katalon.core.main.TestCaseExecutor.execute(TestCaseExecutor.java:227)
	at com.kms.katalon.core.main.TestSuiteExecutor.accessTestCaseMainPhase(TestSuiteExecutor.java:129)
	at com.kms.katalon.core.main.TestSuiteExecutor.accessTestSuiteMainPhase(TestSuiteExecutor.java:112)
	at com.kms.katalon.core.main.TestSuiteExecutor.execute(TestSuiteExecutor.java:81)
	at com.kms.katalon.core.main.TestCaseMain.startTestSuite(TestCaseMain.java:157)
	at com.kms.katalon.core.main.TestCaseMain$startTestSuite$0.call(Unknown Source)
	at TempTestSuite1554062933058.run(TempTestSuite1554062933058.groovy:35)]]></system-out>
         <system-err><![CDATA[2019-04-01 03:08:59 - [TEST_CASE][FAILED] - Test Cases/Dashboard/Login/Login_DaftarAkun: Test Cases/Dashboard/Login/Login_DaftarAkun FAILED.
Reason:
com.kms.katalon.core.exception.StepFailedException: Failed to check for element 'Object Repository/Dashboard/Login/Daftar/Daftar_InpKodeOTP' exist
	at com.kms.katalon.core.keyword.internal.KeywordMain.stepFailed(KeywordMain.groovy:48)
	at com.kms.katalon.core.mobile.keyword.internal.MobileKeywordMain.stepFailed(MobileKeywordMain.groovy:40)
	at com.kms.katalon.core.mobile.keyword.internal.MobileKeywordMain.runKeyword(MobileKeywordMain.groovy:23)
	at com.kms.katalon.core.mobile.keyword.builtin.VerifyElementExistKeyword.verifyElementExist(VerifyElementExistKeyword.groovy:80)
	at com.kms.katalon.core.mobile.keyword.builtin.VerifyElementExistKeyword.execute(VerifyElementExistKeyword.groovy:64)
	at com.kms.katalon.core.keyword.internal.KeywordExecutor.executeKeywordForPlatform(KeywordExecutor.groovy:56)
	at com.kms.katalon.core.mobile.keyword.MobileBuiltInKeywords.verifyElementExist(MobileBuiltInKeywords.groovy:605)
	at com.kms.katalon.core.mobile.keyword.MobileBuiltInKeywords$verifyElementExist$3.call(Unknown Source)
	at Login_DaftarAkun.run(Login_DaftarAkun:41)
	at com.kms.katalon.core.main.ScriptEngine.run(ScriptEngine.java:194)
	at com.kms.katalon.core.main.ScriptEngine.runScriptAsRawText(ScriptEngine.java:119)
	at com.kms.katalon.core.main.TestCaseExecutor.runScript(TestCaseExecutor.java:331)
	at com.kms.katalon.core.main.TestCaseExecutor.doExecute(TestCaseExecutor.java:322)
	at com.kms.katalon.core.main.TestCaseExecutor.processExecutionPhase(TestCaseExecutor.java:301)
	at com.kms.katalon.core.main.TestCaseExecutor.accessMainPhase(TestCaseExecutor.java:293)
	at com.kms.katalon.core.main.TestCaseExecutor.execute(TestCaseExecutor.java:227)
	at com.kms.katalon.core.main.TestSuiteExecutor.accessTestCaseMainPhase(TestSuiteExecutor.java:129)
	at com.kms.katalon.core.main.TestSuiteExecutor.accessTestSuiteMainPhase(TestSuiteExecutor.java:112)
	at com.kms.katalon.core.main.TestSuiteExecutor.execute(TestSuiteExecutor.java:81)
	at com.kms.katalon.core.main.TestCaseMain.startTestSuite(TestCaseMain.java:157)
	at com.kms.katalon.core.main.TestCaseMain$startTestSuite$0.call(Unknown Source)
	at TempTestSuite1554062933058.run(TempTestSuite1554062933058.groovy:35)]]></system-err>
      </testcase>
      <testcase name="Test Cases/Dashboard/Login/Login_DaftarAkun" classname="Test Cases/Dashboard/Login/Login_DaftarAkun" status="FAILED">
         <failure type="FAILED" message="Test Cases/Dashboard/Login/Login_DaftarAkun FAILED.
Reason:
com.kms.katalon.core.exception.StepFailedException: Unable to verify if object 'Object Repository/Dashboard/Login/Daftar/Daftar_BtnSubmitDaftar' has attribute 'enabled' with value 'false'
	at com.kms.katalon.core.keyword.internal.KeywordMain.stepFailed(KeywordMain.groovy:48)
	at com.kms.katalon.core.mobile.keyword.internal.MobileKeywordMain.stepFailed(MobileKeywordMain.groovy:40)
	at com.kms.katalon.core.mobile.keyword.internal.MobileKeywordMain.runKeyword(MobileKeywordMain.groovy:23)
	at com.kms.katalon.core.mobile.keyword.builtin.VerifyElementAttributeValueKeyword.verifyElementAttributeValue(VerifyElementAttributeValueKeyword.groovy:97)
	at com.kms.katalon.core.mobile.keyword.builtin.VerifyElementAttributeValueKeyword.execute(VerifyElementAttributeValueKeyword.groovy:67)
	at com.kms.katalon.core.keyword.internal.KeywordExecutor.executeKeywordForPlatform(KeywordExecutor.groovy:56)
	at com.kms.katalon.core.mobile.keyword.MobileBuiltInKeywords.verifyElementAttributeValue(MobileBuiltInKeywords.groovy:1061)
	at com.kms.katalon.core.mobile.keyword.MobileBuiltInKeywords$verifyElementAttributeValue$4.call(Unknown Source)
	at Login_DaftarAkun.run(Login_DaftarAkun:49)
	at com.kms.katalon.core.main.ScriptEngine.run(ScriptEngine.java:194)
	at com.kms.katalon.core.main.ScriptEngine.runScriptAsRawText(ScriptEngine.java:119)
	at com.kms.katalon.core.main.TestCaseExecutor.runScript(TestCaseExecutor.java:331)
	at com.kms.katalon.core.main.TestCaseExecutor.doExecute(TestCaseExecutor.java:322)
	at com.kms.katalon.core.main.TestCaseExecutor.processExecutionPhase(TestCaseExecutor.java:301)
	at com.kms.katalon.core.main.TestCaseExecutor.accessMainPhase(TestCaseExecutor.java:293)
	at com.kms.katalon.core.main.TestCaseExecutor.execute(TestCaseExecutor.java:227)
	at com.kms.katalon.core.main.TestSuiteExecutor.accessTestCaseMainPhase(TestSuiteExecutor.java:129)
	at com.kms.katalon.core.main.TestSuiteExecutor.accessTestSuiteMainPhase(TestSuiteExecutor.java:112)
	at com.kms.katalon.core.main.TestSuiteExecutor.execute(TestSuiteExecutor.java:81)
	at com.kms.katalon.core.main.TestCaseMain.startTestSuite(TestCaseMain.java:157)
	at com.kms.katalon.core.main.TestCaseMain$startTestSuite$0.call(Unknown Source)
	at TempTestSuite1554062933058.run(TempTestSuite1554062933058.groovy:35)
"/>
         <system-out><![CDATA[2019-04-01 03:10:00 - [TEST_CASE][FAILED] - Test Cases/Dashboard/Login/Login_DaftarAkun: Test Cases/Dashboard/Login/Login_DaftarAkun FAILED.
Reason:
com.kms.katalon.core.exception.StepFailedException: Unable to verify if object 'Object Repository/Dashboard/Login/Daftar/Daftar_BtnSubmitDaftar' has attribute 'enabled' with value 'false'
	at com.kms.katalon.core.keyword.internal.KeywordMain.stepFailed(KeywordMain.groovy:48)
	at com.kms.katalon.core.mobile.keyword.internal.MobileKeywordMain.stepFailed(MobileKeywordMain.groovy:40)
	at com.kms.katalon.core.mobile.keyword.internal.MobileKeywordMain.runKeyword(MobileKeywordMain.groovy:23)
	at com.kms.katalon.core.mobile.keyword.builtin.VerifyElementAttributeValueKeyword.verifyElementAttributeValue(VerifyElementAttributeValueKeyword.groovy:97)
	at com.kms.katalon.core.mobile.keyword.builtin.VerifyElementAttributeValueKeyword.execute(VerifyElementAttributeValueKeyword.groovy:67)
	at com.kms.katalon.core.keyword.internal.KeywordExecutor.executeKeywordForPlatform(KeywordExecutor.groovy:56)
	at com.kms.katalon.core.mobile.keyword.MobileBuiltInKeywords.verifyElementAttributeValue(MobileBuiltInKeywords.groovy:1061)
	at com.kms.katalon.core.mobile.keyword.MobileBuiltInKeywords$verifyElementAttributeValue$4.call(Unknown Source)
	at Login_DaftarAkun.run(Login_DaftarAkun:49)
	at com.kms.katalon.core.main.ScriptEngine.run(ScriptEngine.java:194)
	at com.kms.katalon.core.main.ScriptEngine.runScriptAsRawText(ScriptEngine.java:119)
	at com.kms.katalon.core.main.TestCaseExecutor.runScript(TestCaseExecutor.java:331)
	at com.kms.katalon.core.main.TestCaseExecutor.doExecute(TestCaseExecutor.java:322)
	at com.kms.katalon.core.main.TestCaseExecutor.processExecutionPhase(TestCaseExecutor.java:301)
	at com.kms.katalon.core.main.TestCaseExecutor.accessMainPhase(TestCaseExecutor.java:293)
	at com.kms.katalon.core.main.TestCaseExecutor.execute(TestCaseExecutor.java:227)
	at com.kms.katalon.core.main.TestSuiteExecutor.accessTestCaseMainPhase(TestSuiteExecutor.java:129)
	at com.kms.katalon.core.main.TestSuiteExecutor.accessTestSuiteMainPhase(TestSuiteExecutor.java:112)
	at com.kms.katalon.core.main.TestSuiteExecutor.execute(TestSuiteExecutor.java:81)
	at com.kms.katalon.core.main.TestCaseMain.startTestSuite(TestCaseMain.java:157)
	at com.kms.katalon.core.main.TestCaseMain$startTestSuite$0.call(Unknown Source)
	at TempTestSuite1554062933058.run(TempTestSuite1554062933058.groovy:35)


2019-04-01 03:10:00 - [TEST_STEP][PASSED] - appPath = relativeToAbsolutePath(apkname, getProjectDir()): null

2019-04-01 03:10:00 - [TEST_STEP][PASSED] - startApplication(appPath, false): Started app at: '/Users/tomyhidayat/Documents/OneDrive/comp/ACC/katalon_sourcecode/acc-implementation/accone-mobile/AccWorld.apk'

2019-04-01 03:10:09 - [MESSAGE][PASSED] - Started app at: '/Users/tomyhidayat/Documents/OneDrive/comp/ACC/katalon_sourcecode/acc-implementation/accone-mobile/AccWorld.apk'

2019-04-01 03:10:09 - [TEST_STEP][PASSED] - tap(findTestObject("Dashboard/Dashboard_MenuLogin"), 0): Tapped on element 'Object Repository/Dashboard/Dashboard_MenuLogin'

2019-04-01 03:10:09 - [MESSAGE][WARNING] - Timeout '0' is invalid. Using default page load timeout: '30'

2019-04-01 03:10:17 - [MESSAGE][PASSED] - Tapped on element 'Object Repository/Dashboard/Dashboard_MenuLogin'

2019-04-01 03:10:17 - [TEST_STEP][PASSED] - tap(findTestObject("Dashboard/Login/Daftar/Login_MenuDaftar"), 0): Tapped on element 'Object Repository/Dashboard/Login/Daftar/Login_MenuDaftar'

2019-04-01 03:10:17 - [MESSAGE][WARNING] - Timeout '0' is invalid. Using default page load timeout: '30'

2019-04-01 03:10:19 - [MESSAGE][PASSED] - Tapped on element 'Object Repository/Dashboard/Login/Daftar/Login_MenuDaftar'

2019-04-01 03:10:19 - [TEST_STEP][PASSED] - setText(findTestObject("Dashboard/Login/Daftar/Daftar_InpNamaSesuaiKTP"), varName, 0): Text 'Diva Nabila' has been set to element 'Object Repository/Dashboard/Login/Daftar/Daftar_InpNamaSesuaiKTP'

2019-04-01 03:10:19 - [MESSAGE][WARNING] - Timeout '0' is invalid. Using default page load timeout: '30'

2019-04-01 03:10:19 - [MESSAGE][PASSED] - Text 'Diva Nabila' has been set to element 'Object Repository/Dashboard/Login/Daftar/Daftar_InpNamaSesuaiKTP'

2019-04-01 03:10:19 - [TEST_STEP][PASSED] - setText(findTestObject("Dashboard/Login/Daftar/Daftar_InpEmail"), varEmail, 0): Text 'divanabilaarumsarinurhadi@gmail.com' has been set to element 'Object Repository/Dashboard/Login/Daftar/Daftar_InpEmail'

2019-04-01 03:10:19 - [MESSAGE][WARNING] - Timeout '0' is invalid. Using default page load timeout: '30'

2019-04-01 03:10:20 - [MESSAGE][PASSED] - Text 'divanabilaarumsarinurhadi@gmail.com' has been set to element 'Object Repository/Dashboard/Login/Daftar/Daftar_InpEmail'

2019-04-01 03:10:20 - [TEST_STEP][PASSED] - setText(findTestObject("Dashboard/Login/Daftar/Daftar_InpNomorHandphone"), varHandphone, 0): Text '87824121997' has been set to element 'Object Repository/Dashboard/Login/Daftar/Daftar_InpNomorHandphone'

2019-04-01 03:10:20 - [MESSAGE][WARNING] - Timeout '0' is invalid. Using default page load timeout: '30'

2019-04-01 03:10:22 - [MESSAGE][PASSED] - Text '87824121997' has been set to element 'Object Repository/Dashboard/Login/Daftar/Daftar_InpNomorHandphone'

2019-04-01 03:10:22 - [TEST_STEP][PASSED] - setText(findTestObject("Dashboard/Login/Daftar/Daftar_InpPassword"), varPassword, 0, STOP_ON_FAILURE): Text 'pass' has been set to element 'Object Repository/Dashboard/Login/Daftar/Daftar_InpPassword'

2019-04-01 03:10:22 - [MESSAGE][WARNING] - Timeout '0' is invalid. Using default page load timeout: '30'

2019-04-01 03:10:23 - [MESSAGE][PASSED] - Text 'pass' has been set to element 'Object Repository/Dashboard/Login/Daftar/Daftar_InpPassword'

2019-04-01 03:10:23 - [TEST_STEP][PASSED] - setText(findTestObject("Dashboard/Login/Daftar/Daftar_InpKonfirmasiPassword"), varConfirmPassword, 0): Text 'pass' has been set to element 'Object Repository/Dashboard/Login/Daftar/Daftar_InpKonfirmasiPassword'

2019-04-01 03:10:23 - [MESSAGE][WARNING] - Timeout '0' is invalid. Using default page load timeout: '30'

2019-04-01 03:10:24 - [MESSAGE][PASSED] - Text 'pass' has been set to element 'Object Repository/Dashboard/Login/Daftar/Daftar_InpKonfirmasiPassword'

2019-04-01 03:10:24 - [TEST_STEP][PASSED] - tap(findTestObject("Dashboard/Login/Daftar/Daftar_BtnSubmitDaftar"), 0): Tapped on element 'Object Repository/Dashboard/Login/Daftar/Daftar_BtnSubmitDaftar'

2019-04-01 03:10:24 - [MESSAGE][WARNING] - Timeout '0' is invalid. Using default page load timeout: '30'

2019-04-01 03:10:28 - [MESSAGE][PASSED] - Tapped on element 'Object Repository/Dashboard/Login/Daftar/Daftar_BtnSubmitDaftar'

2019-04-01 03:10:28 - [TEST_STEP][FAILED] - switch (varExpectedResult.toString()): switch (varExpectedResult.toString()) FAILED.
Reason:
com.kms.katalon.core.exception.StepFailedException: Unable to verify if object 'Object Repository/Dashboard/Login/Daftar/Daftar_BtnSubmitDaftar' has attribute 'enabled' with value 'false'
	at com.kms.katalon.core.keyword.internal.KeywordMain.stepFailed(KeywordMain.groovy:48)
	at com.kms.katalon.core.mobile.keyword.internal.MobileKeywordMain.stepFailed(MobileKeywordMain.groovy:40)
	at com.kms.katalon.core.mobile.keyword.internal.MobileKeywordMain.runKeyword(MobileKeywordMain.groovy:23)
	at com.kms.katalon.core.mobile.keyword.builtin.VerifyElementAttributeValueKeyword.verifyElementAttributeValue(VerifyElementAttributeValueKeyword.groovy:97)
	at com.kms.katalon.core.mobile.keyword.builtin.VerifyElementAttributeValueKeyword.execute(VerifyElementAttributeValueKeyword.groovy:67)
	at com.kms.katalon.core.keyword.internal.KeywordExecutor.executeKeywordForPlatform(KeywordExecutor.groovy:56)
	at com.kms.katalon.core.mobile.keyword.MobileBuiltInKeywords.verifyElementAttributeValue(MobileBuiltInKeywords.groovy:1061)
	at com.kms.katalon.core.mobile.keyword.MobileBuiltInKeywords$verifyElementAttributeValue$4.call(Unknown Source)
	at Login_DaftarAkun.run(Login_DaftarAkun:49)
	at com.kms.katalon.core.main.ScriptEngine.run(ScriptEngine.java:194)
	at com.kms.katalon.core.main.ScriptEngine.runScriptAsRawText(ScriptEngine.java:119)
	at com.kms.katalon.core.main.TestCaseExecutor.runScript(TestCaseExecutor.java:331)
	at com.kms.katalon.core.main.TestCaseExecutor.doExecute(TestCaseExecutor.java:322)
	at com.kms.katalon.core.main.TestCaseExecutor.processExecutionPhase(TestCaseExecutor.java:301)
	at com.kms.katalon.core.main.TestCaseExecutor.accessMainPhase(TestCaseExecutor.java:293)
	at com.kms.katalon.core.main.TestCaseExecutor.execute(TestCaseExecutor.java:227)
	at com.kms.katalon.core.main.TestSuiteExecutor.accessTestCaseMainPhase(TestSuiteExecutor.java:129)
	at com.kms.katalon.core.main.TestSuiteExecutor.accessTestSuiteMainPhase(TestSuiteExecutor.java:112)
	at com.kms.katalon.core.main.TestSuiteExecutor.execute(TestSuiteExecutor.java:81)
	at com.kms.katalon.core.main.TestCaseMain.startTestSuite(TestCaseMain.java:157)
	at com.kms.katalon.core.main.TestCaseMain$startTestSuite$0.call(Unknown Source)
	at TempTestSuite1554062933058.run(TempTestSuite1554062933058.groovy:35)


2019-04-01 03:10:28 - [TEST_STEP][FAILED] - case "DISABLEDBUTTON":: switch (varExpectedResult.toString()) FAILED.
Reason:
com.kms.katalon.core.exception.StepFailedException: Unable to verify if object 'Object Repository/Dashboard/Login/Daftar/Daftar_BtnSubmitDaftar' has attribute 'enabled' with value 'false'
	at com.kms.katalon.core.keyword.internal.KeywordMain.stepFailed(KeywordMain.groovy:48)
	at com.kms.katalon.core.mobile.keyword.internal.MobileKeywordMain.stepFailed(MobileKeywordMain.groovy:40)
	at com.kms.katalon.core.mobile.keyword.internal.MobileKeywordMain.runKeyword(MobileKeywordMain.groovy:23)
	at com.kms.katalon.core.mobile.keyword.builtin.VerifyElementAttributeValueKeyword.verifyElementAttributeValue(VerifyElementAttributeValueKeyword.groovy:97)
	at com.kms.katalon.core.mobile.keyword.builtin.VerifyElementAttributeValueKeyword.execute(VerifyElementAttributeValueKeyword.groovy:67)
	at com.kms.katalon.core.keyword.internal.KeywordExecutor.executeKeywordForPlatform(KeywordExecutor.groovy:56)
	at com.kms.katalon.core.mobile.keyword.MobileBuiltInKeywords.verifyElementAttributeValue(MobileBuiltInKeywords.groovy:1061)
	at com.kms.katalon.core.mobile.keyword.MobileBuiltInKeywords$verifyElementAttributeValue$4.call(Unknown Source)
	at Login_DaftarAkun.run(Login_DaftarAkun:49)
	at com.kms.katalon.core.main.ScriptEngine.run(ScriptEngine.java:194)
	at com.kms.katalon.core.main.ScriptEngine.runScriptAsRawText(ScriptEngine.java:119)
	at com.kms.katalon.core.main.TestCaseExecutor.runScript(TestCaseExecutor.java:331)
	at com.kms.katalon.core.main.TestCaseExecutor.doExecute(TestCaseExecutor.java:322)
	at com.kms.katalon.core.main.TestCaseExecutor.processExecutionPhase(TestCaseExecutor.java:301)
	at com.kms.katalon.core.main.TestCaseExecutor.accessMainPhase(TestCaseExecutor.java:293)
	at com.kms.katalon.core.main.TestCaseExecutor.execute(TestCaseExecutor.java:227)
	at com.kms.katalon.core.main.TestSuiteExecutor.accessTestCaseMainPhase(TestSuiteExecutor.java:129)
	at com.kms.katalon.core.main.TestSuiteExecutor.accessTestSuiteMainPhase(TestSuiteExecutor.java:112)
	at com.kms.katalon.core.main.TestSuiteExecutor.execute(TestSuiteExecutor.java:81)
	at com.kms.katalon.core.main.TestCaseMain.startTestSuite(TestCaseMain.java:157)
	at com.kms.katalon.core.main.TestCaseMain$startTestSuite$0.call(Unknown Source)
	at TempTestSuite1554062933058.run(TempTestSuite1554062933058.groovy:35)


2019-04-01 03:10:28 - [TEST_STEP][FAILED] - verifyElementAttributeValue(findTestObject("Dashboard/Login/Daftar/Daftar_BtnSubmitDaftar"), "enabled", "false", 0, STOP_ON_FAILURE): switch (varExpectedResult.toString()) FAILED.
Reason:
com.kms.katalon.core.exception.StepFailedException: Unable to verify if object 'Object Repository/Dashboard/Login/Daftar/Daftar_BtnSubmitDaftar' has attribute 'enabled' with value 'false'
	at com.kms.katalon.core.keyword.internal.KeywordMain.stepFailed(KeywordMain.groovy:48)
	at com.kms.katalon.core.mobile.keyword.internal.MobileKeywordMain.stepFailed(MobileKeywordMain.groovy:40)
	at com.kms.katalon.core.mobile.keyword.internal.MobileKeywordMain.runKeyword(MobileKeywordMain.groovy:23)
	at com.kms.katalon.core.mobile.keyword.builtin.VerifyElementAttributeValueKeyword.verifyElementAttributeValue(VerifyElementAttributeValueKeyword.groovy:97)
	at com.kms.katalon.core.mobile.keyword.builtin.VerifyElementAttributeValueKeyword.execute(VerifyElementAttributeValueKeyword.groovy:67)
	at com.kms.katalon.core.keyword.internal.KeywordExecutor.executeKeywordForPlatform(KeywordExecutor.groovy:56)
	at com.kms.katalon.core.mobile.keyword.MobileBuiltInKeywords.verifyElementAttributeValue(MobileBuiltInKeywords.groovy:1061)
	at com.kms.katalon.core.mobile.keyword.MobileBuiltInKeywords$verifyElementAttributeValue$4.call(Unknown Source)
	at Login_DaftarAkun.run(Login_DaftarAkun:49)
	at com.kms.katalon.core.main.ScriptEngine.run(ScriptEngine.java:194)
	at com.kms.katalon.core.main.ScriptEngine.runScriptAsRawText(ScriptEngine.java:119)
	at com.kms.katalon.core.main.TestCaseExecutor.runScript(TestCaseExecutor.java:331)
	at com.kms.katalon.core.main.TestCaseExecutor.doExecute(TestCaseExecutor.java:322)
	at com.kms.katalon.core.main.TestCaseExecutor.processExecutionPhase(TestCaseExecutor.java:301)
	at com.kms.katalon.core.main.TestCaseExecutor.accessMainPhase(TestCaseExecutor.java:293)
	at com.kms.katalon.core.main.TestCaseExecutor.execute(TestCaseExecutor.java:227)
	at com.kms.katalon.core.main.TestSuiteExecutor.accessTestCaseMainPhase(TestSuiteExecutor.java:129)
	at com.kms.katalon.core.main.TestSuiteExecutor.accessTestSuiteMainPhase(TestSuiteExecutor.java:112)
	at com.kms.katalon.core.main.TestSuiteExecutor.execute(TestSuiteExecutor.java:81)
	at com.kms.katalon.core.main.TestCaseMain.startTestSuite(TestCaseMain.java:157)
	at com.kms.katalon.core.main.TestCaseMain$startTestSuite$0.call(Unknown Source)
	at TempTestSuite1554062933058.run(TempTestSuite1554062933058.groovy:35)


2019-04-01 03:10:28 - [MESSAGE][WARNING] - Timeout '0' is invalid. Using default page load timeout: '30'

2019-04-01 03:10:29 - [MESSAGE][FAILED] - Object 'Object Repository/Dashboard/Login/Daftar/Daftar_BtnSubmitDaftar' has attribute 'enabled' with actual value 'true' instead of expected value 'false'
[[ATTACHMENT|/Users/tomyhidayat/Documents/OneDrive/comp/ACC/katalon_sourcecode/acc-implementation/accone-mobile/Reports/DaftarAkun/20190401_030852/1554063028524.png]]

2019-04-01 03:10:29 - [MESSAGE][FAILED] - Unable to verify if object 'Object Repository/Dashboard/Login/Daftar/Daftar_BtnSubmitDaftar' has attribute 'enabled' with value 'false'
[[ATTACHMENT|/Users/tomyhidayat/Documents/OneDrive/comp/ACC/katalon_sourcecode/acc-implementation/accone-mobile/Reports/DaftarAkun/20190401_030852/1554063029005.png]]

2019-04-01 03:10:29 - [MESSAGE][FAILED] - switch (varExpectedResult.toString()) FAILED.
Reason:
com.kms.katalon.core.exception.StepFailedException: Unable to verify if object 'Object Repository/Dashboard/Login/Daftar/Daftar_BtnSubmitDaftar' has attribute 'enabled' with value 'false'
	at com.kms.katalon.core.keyword.internal.KeywordMain.stepFailed(KeywordMain.groovy:48)
	at com.kms.katalon.core.mobile.keyword.internal.MobileKeywordMain.stepFailed(MobileKeywordMain.groovy:40)
	at com.kms.katalon.core.mobile.keyword.internal.MobileKeywordMain.runKeyword(MobileKeywordMain.groovy:23)
	at com.kms.katalon.core.mobile.keyword.builtin.VerifyElementAttributeValueKeyword.verifyElementAttributeValue(VerifyElementAttributeValueKeyword.groovy:97)
	at com.kms.katalon.core.mobile.keyword.builtin.VerifyElementAttributeValueKeyword.execute(VerifyElementAttributeValueKeyword.groovy:67)
	at com.kms.katalon.core.keyword.internal.KeywordExecutor.executeKeywordForPlatform(KeywordExecutor.groovy:56)
	at com.kms.katalon.core.mobile.keyword.MobileBuiltInKeywords.verifyElementAttributeValue(MobileBuiltInKeywords.groovy:1061)
	at com.kms.katalon.core.mobile.keyword.MobileBuiltInKeywords$verifyElementAttributeValue$4.call(Unknown Source)
	at Login_DaftarAkun.run(Login_DaftarAkun:49)
	at com.kms.katalon.core.main.ScriptEngine.run(ScriptEngine.java:194)
	at com.kms.katalon.core.main.ScriptEngine.runScriptAsRawText(ScriptEngine.java:119)
	at com.kms.katalon.core.main.TestCaseExecutor.runScript(TestCaseExecutor.java:331)
	at com.kms.katalon.core.main.TestCaseExecutor.doExecute(TestCaseExecutor.java:322)
	at com.kms.katalon.core.main.TestCaseExecutor.processExecutionPhase(TestCaseExecutor.java:301)
	at com.kms.katalon.core.main.TestCaseExecutor.accessMainPhase(TestCaseExecutor.java:293)
	at com.kms.katalon.core.main.TestCaseExecutor.execute(TestCaseExecutor.java:227)
	at com.kms.katalon.core.main.TestSuiteExecutor.accessTestCaseMainPhase(TestSuiteExecutor.java:129)
	at com.kms.katalon.core.main.TestSuiteExecutor.accessTestSuiteMainPhase(TestSuiteExecutor.java:112)
	at com.kms.katalon.core.main.TestSuiteExecutor.execute(TestSuiteExecutor.java:81)
	at com.kms.katalon.core.main.TestCaseMain.startTestSuite(TestCaseMain.java:157)
	at com.kms.katalon.core.main.TestCaseMain$startTestSuite$0.call(Unknown Source)
	at TempTestSuite1554062933058.run(TempTestSuite1554062933058.groovy:35)]]></system-out>
         <system-err><![CDATA[2019-04-01 03:10:00 - [TEST_CASE][FAILED] - Test Cases/Dashboard/Login/Login_DaftarAkun: Test Cases/Dashboard/Login/Login_DaftarAkun FAILED.
Reason:
com.kms.katalon.core.exception.StepFailedException: Unable to verify if object 'Object Repository/Dashboard/Login/Daftar/Daftar_BtnSubmitDaftar' has attribute 'enabled' with value 'false'
	at com.kms.katalon.core.keyword.internal.KeywordMain.stepFailed(KeywordMain.groovy:48)
	at com.kms.katalon.core.mobile.keyword.internal.MobileKeywordMain.stepFailed(MobileKeywordMain.groovy:40)
	at com.kms.katalon.core.mobile.keyword.internal.MobileKeywordMain.runKeyword(MobileKeywordMain.groovy:23)
	at com.kms.katalon.core.mobile.keyword.builtin.VerifyElementAttributeValueKeyword.verifyElementAttributeValue(VerifyElementAttributeValueKeyword.groovy:97)
	at com.kms.katalon.core.mobile.keyword.builtin.VerifyElementAttributeValueKeyword.execute(VerifyElementAttributeValueKeyword.groovy:67)
	at com.kms.katalon.core.keyword.internal.KeywordExecutor.executeKeywordForPlatform(KeywordExecutor.groovy:56)
	at com.kms.katalon.core.mobile.keyword.MobileBuiltInKeywords.verifyElementAttributeValue(MobileBuiltInKeywords.groovy:1061)
	at com.kms.katalon.core.mobile.keyword.MobileBuiltInKeywords$verifyElementAttributeValue$4.call(Unknown Source)
	at Login_DaftarAkun.run(Login_DaftarAkun:49)
	at com.kms.katalon.core.main.ScriptEngine.run(ScriptEngine.java:194)
	at com.kms.katalon.core.main.ScriptEngine.runScriptAsRawText(ScriptEngine.java:119)
	at com.kms.katalon.core.main.TestCaseExecutor.runScript(TestCaseExecutor.java:331)
	at com.kms.katalon.core.main.TestCaseExecutor.doExecute(TestCaseExecutor.java:322)
	at com.kms.katalon.core.main.TestCaseExecutor.processExecutionPhase(TestCaseExecutor.java:301)
	at com.kms.katalon.core.main.TestCaseExecutor.accessMainPhase(TestCaseExecutor.java:293)
	at com.kms.katalon.core.main.TestCaseExecutor.execute(TestCaseExecutor.java:227)
	at com.kms.katalon.core.main.TestSuiteExecutor.accessTestCaseMainPhase(TestSuiteExecutor.java:129)
	at com.kms.katalon.core.main.TestSuiteExecutor.accessTestSuiteMainPhase(TestSuiteExecutor.java:112)
	at com.kms.katalon.core.main.TestSuiteExecutor.execute(TestSuiteExecutor.java:81)
	at com.kms.katalon.core.main.TestCaseMain.startTestSuite(TestCaseMain.java:157)
	at com.kms.katalon.core.main.TestCaseMain$startTestSuite$0.call(Unknown Source)
	at TempTestSuite1554062933058.run(TempTestSuite1554062933058.groovy:35)]]></system-err>
      </testcase>
      <testcase name="Test Cases/Dashboard/Login/Login_DaftarAkun" classname="Test Cases/Dashboard/Login/Login_DaftarAkun" status="PASSED">
         <system-out><![CDATA[2019-04-01 03:10:29 - [TEST_CASE][PASSED] - Test Cases/Dashboard/Login/Login_DaftarAkun: Test Cases/Dashboard/Login/Login_DaftarAkun

2019-04-01 03:10:29 - [TEST_STEP][PASSED] - appPath = relativeToAbsolutePath(apkname, getProjectDir()): null

2019-04-01 03:10:29 - [TEST_STEP][PASSED] - startApplication(appPath, false): Started app at: '/Users/tomyhidayat/Documents/OneDrive/comp/ACC/katalon_sourcecode/acc-implementation/accone-mobile/AccWorld.apk'

2019-04-01 03:10:38 - [MESSAGE][PASSED] - Started app at: '/Users/tomyhidayat/Documents/OneDrive/comp/ACC/katalon_sourcecode/acc-implementation/accone-mobile/AccWorld.apk'

2019-04-01 03:10:38 - [TEST_STEP][PASSED] - tap(findTestObject("Dashboard/Dashboard_MenuLogin"), 0): Tapped on element 'Object Repository/Dashboard/Dashboard_MenuLogin'

2019-04-01 03:10:38 - [MESSAGE][WARNING] - Timeout '0' is invalid. Using default page load timeout: '30'

2019-04-01 03:10:46 - [MESSAGE][PASSED] - Tapped on element 'Object Repository/Dashboard/Dashboard_MenuLogin'

2019-04-01 03:10:46 - [TEST_STEP][PASSED] - tap(findTestObject("Dashboard/Login/Daftar/Login_MenuDaftar"), 0): Tapped on element 'Object Repository/Dashboard/Login/Daftar/Login_MenuDaftar'

2019-04-01 03:10:46 - [MESSAGE][WARNING] - Timeout '0' is invalid. Using default page load timeout: '30'

2019-04-01 03:10:48 - [MESSAGE][PASSED] - Tapped on element 'Object Repository/Dashboard/Login/Daftar/Login_MenuDaftar'

2019-04-01 03:10:48 - [TEST_STEP][PASSED] - setText(findTestObject("Dashboard/Login/Daftar/Daftar_InpNamaSesuaiKTP"), varName, 0): Text 'Diva Nabila' has been set to element 'Object Repository/Dashboard/Login/Daftar/Daftar_InpNamaSesuaiKTP'

2019-04-01 03:10:48 - [MESSAGE][WARNING] - Timeout '0' is invalid. Using default page load timeout: '30'

2019-04-01 03:10:49 - [MESSAGE][PASSED] - Text 'Diva Nabila' has been set to element 'Object Repository/Dashboard/Login/Daftar/Daftar_InpNamaSesuaiKTP'

2019-04-01 03:10:49 - [TEST_STEP][PASSED] - setText(findTestObject("Dashboard/Login/Daftar/Daftar_InpEmail"), varEmail, 0): Text '' has been set to element 'Object Repository/Dashboard/Login/Daftar/Daftar_InpEmail'

2019-04-01 03:10:49 - [MESSAGE][WARNING] - Timeout '0' is invalid. Using default page load timeout: '30'

2019-04-01 03:10:50 - [MESSAGE][PASSED] - Text '' has been set to element 'Object Repository/Dashboard/Login/Daftar/Daftar_InpEmail'

2019-04-01 03:10:50 - [TEST_STEP][PASSED] - setText(findTestObject("Dashboard/Login/Daftar/Daftar_InpNomorHandphone"), varHandphone, 0): Text '87824121997' has been set to element 'Object Repository/Dashboard/Login/Daftar/Daftar_InpNomorHandphone'

2019-04-01 03:10:50 - [MESSAGE][WARNING] - Timeout '0' is invalid. Using default page load timeout: '30'

2019-04-01 03:10:50 - [MESSAGE][PASSED] - Text '87824121997' has been set to element 'Object Repository/Dashboard/Login/Daftar/Daftar_InpNomorHandphone'

2019-04-01 03:10:50 - [TEST_STEP][PASSED] - setText(findTestObject("Dashboard/Login/Daftar/Daftar_InpPassword"), varPassword, 0, STOP_ON_FAILURE): Text 'pass' has been set to element 'Object Repository/Dashboard/Login/Daftar/Daftar_InpPassword'

2019-04-01 03:10:50 - [MESSAGE][WARNING] - Timeout '0' is invalid. Using default page load timeout: '30'

2019-04-01 03:10:52 - [MESSAGE][PASSED] - Text 'pass' has been set to element 'Object Repository/Dashboard/Login/Daftar/Daftar_InpPassword'

2019-04-01 03:10:52 - [TEST_STEP][PASSED] - setText(findTestObject("Dashboard/Login/Daftar/Daftar_InpKonfirmasiPassword"), varConfirmPassword, 0): Text '' has been set to element 'Object Repository/Dashboard/Login/Daftar/Daftar_InpKonfirmasiPassword'

2019-04-01 03:10:52 - [MESSAGE][WARNING] - Timeout '0' is invalid. Using default page load timeout: '30'

2019-04-01 03:10:53 - [MESSAGE][PASSED] - Text '' has been set to element 'Object Repository/Dashboard/Login/Daftar/Daftar_InpKonfirmasiPassword'

2019-04-01 03:10:53 - [TEST_STEP][PASSED] - tap(findTestObject("Dashboard/Login/Daftar/Daftar_BtnSubmitDaftar"), 0): Tapped on element 'Object Repository/Dashboard/Login/Daftar/Daftar_BtnSubmitDaftar'

2019-04-01 03:10:53 - [MESSAGE][WARNING] - Timeout '0' is invalid. Using default page load timeout: '30'

2019-04-01 03:10:54 - [MESSAGE][PASSED] - Tapped on element 'Object Repository/Dashboard/Login/Daftar/Daftar_BtnSubmitDaftar'

2019-04-01 03:10:54 - [TEST_STEP][PASSED] - switch (varExpectedResult.toString()): null

2019-04-01 03:10:54 - [TEST_STEP][PASSED] - case "DISABLEDBUTTON":: null

2019-04-01 03:10:54 - [TEST_STEP][PASSED] - verifyElementAttributeValue(findTestObject("Dashboard/Login/Daftar/Daftar_BtnSubmitDaftar"), "enabled", "false", 0, STOP_ON_FAILURE): Object 'Object Repository/Dashboard/Login/Daftar/Daftar_BtnSubmitDaftar' has attribute 'enabled' with value 'false'

2019-04-01 03:10:54 - [MESSAGE][WARNING] - Timeout '0' is invalid. Using default page load timeout: '30'

2019-04-01 03:10:54 - [MESSAGE][PASSED] - Object 'Object Repository/Dashboard/Login/Daftar/Daftar_BtnSubmitDaftar' has attribute 'enabled' with value 'false'

2019-04-01 03:10:54 - [TEST_STEP][PASSED] - break: null

2019-04-01 03:10:54 - [TEST_STEP][PASSED] - delay(3, STOP_ON_FAILURE): Delayed 3 second(s)

2019-04-01 03:10:57 - [MESSAGE][PASSED] - Delayed 3 second(s)

2019-04-01 03:10:57 - [TEST_STEP][NOT_RUN] - closeApplication(): NOT_RUN: closeApplication()

2019-04-01 03:10:57 - [MESSAGE][NOT_RUN] - NOT_RUN: closeApplication()]]></system-out>
         <system-err><![CDATA[]]></system-err>
      </testcase>
      <testcase name="Test Cases/Dashboard/Login/Login_DaftarAkun" classname="Test Cases/Dashboard/Login/Login_DaftarAkun" status="PASSED">
         <system-out><![CDATA[2019-04-01 03:10:57 - [TEST_CASE][PASSED] - Test Cases/Dashboard/Login/Login_DaftarAkun: Test Cases/Dashboard/Login/Login_DaftarAkun

2019-04-01 03:10:57 - [TEST_STEP][PASSED] - appPath = relativeToAbsolutePath(apkname, getProjectDir()): null

2019-04-01 03:10:57 - [TEST_STEP][PASSED] - startApplication(appPath, false): Started app at: '/Users/tomyhidayat/Documents/OneDrive/comp/ACC/katalon_sourcecode/acc-implementation/accone-mobile/AccWorld.apk'

2019-04-01 03:11:07 - [MESSAGE][PASSED] - Started app at: '/Users/tomyhidayat/Documents/OneDrive/comp/ACC/katalon_sourcecode/acc-implementation/accone-mobile/AccWorld.apk'

2019-04-01 03:11:07 - [TEST_STEP][PASSED] - tap(findTestObject("Dashboard/Dashboard_MenuLogin"), 0): Tapped on element 'Object Repository/Dashboard/Dashboard_MenuLogin'

2019-04-01 03:11:07 - [MESSAGE][WARNING] - Timeout '0' is invalid. Using default page load timeout: '30'

2019-04-01 03:11:14 - [MESSAGE][PASSED] - Tapped on element 'Object Repository/Dashboard/Dashboard_MenuLogin'

2019-04-01 03:11:14 - [TEST_STEP][PASSED] - tap(findTestObject("Dashboard/Login/Daftar/Login_MenuDaftar"), 0): Tapped on element 'Object Repository/Dashboard/Login/Daftar/Login_MenuDaftar'

2019-04-01 03:11:14 - [MESSAGE][WARNING] - Timeout '0' is invalid. Using default page load timeout: '30'

2019-04-01 03:11:16 - [MESSAGE][PASSED] - Tapped on element 'Object Repository/Dashboard/Login/Daftar/Login_MenuDaftar'

2019-04-01 03:11:16 - [TEST_STEP][PASSED] - setText(findTestObject("Dashboard/Login/Daftar/Daftar_InpNamaSesuaiKTP"), varName, 0): Text 'Diva Nabila' has been set to element 'Object Repository/Dashboard/Login/Daftar/Daftar_InpNamaSesuaiKTP'

2019-04-01 03:11:16 - [MESSAGE][WARNING] - Timeout '0' is invalid. Using default page load timeout: '30'

2019-04-01 03:11:17 - [MESSAGE][PASSED] - Text 'Diva Nabila' has been set to element 'Object Repository/Dashboard/Login/Daftar/Daftar_InpNamaSesuaiKTP'

2019-04-01 03:11:17 - [TEST_STEP][PASSED] - setText(findTestObject("Dashboard/Login/Daftar/Daftar_InpEmail"), varEmail, 0): Text 'divanabilaarumsarinurhadi@gmail.com' has been set to element 'Object Repository/Dashboard/Login/Daftar/Daftar_InpEmail'

2019-04-01 03:11:17 - [MESSAGE][WARNING] - Timeout '0' is invalid. Using default page load timeout: '30'

2019-04-01 03:11:18 - [MESSAGE][PASSED] - Text 'divanabilaarumsarinurhadi@gmail.com' has been set to element 'Object Repository/Dashboard/Login/Daftar/Daftar_InpEmail'

2019-04-01 03:11:18 - [TEST_STEP][PASSED] - setText(findTestObject("Dashboard/Login/Daftar/Daftar_InpNomorHandphone"), varHandphone, 0): Text '87824121997' has been set to element 'Object Repository/Dashboard/Login/Daftar/Daftar_InpNomorHandphone'

2019-04-01 03:11:18 - [MESSAGE][WARNING] - Timeout '0' is invalid. Using default page load timeout: '30'

2019-04-01 03:11:19 - [MESSAGE][PASSED] - Text '87824121997' has been set to element 'Object Repository/Dashboard/Login/Daftar/Daftar_InpNomorHandphone'

2019-04-01 03:11:19 - [TEST_STEP][PASSED] - setText(findTestObject("Dashboard/Login/Daftar/Daftar_InpPassword"), varPassword, 0, STOP_ON_FAILURE): Text 'Password' has been set to element 'Object Repository/Dashboard/Login/Daftar/Daftar_InpPassword'

2019-04-01 03:11:19 - [MESSAGE][WARNING] - Timeout '0' is invalid. Using default page load timeout: '30'

2019-04-01 03:11:21 - [MESSAGE][PASSED] - Text 'Password' has been set to element 'Object Repository/Dashboard/Login/Daftar/Daftar_InpPassword'

2019-04-01 03:11:21 - [TEST_STEP][PASSED] - setText(findTestObject("Dashboard/Login/Daftar/Daftar_InpKonfirmasiPassword"), varConfirmPassword, 0): Text 'Password' has been set to element 'Object Repository/Dashboard/Login/Daftar/Daftar_InpKonfirmasiPassword'

2019-04-01 03:11:21 - [MESSAGE][WARNING] - Timeout '0' is invalid. Using default page load timeout: '30'

2019-04-01 03:11:22 - [MESSAGE][PASSED] - Text 'Password' has been set to element 'Object Repository/Dashboard/Login/Daftar/Daftar_InpKonfirmasiPassword'

2019-04-01 03:11:22 - [TEST_STEP][PASSED] - tap(findTestObject("Dashboard/Login/Daftar/Daftar_BtnSubmitDaftar"), 0): Tapped on element 'Object Repository/Dashboard/Login/Daftar/Daftar_BtnSubmitDaftar'

2019-04-01 03:11:22 - [MESSAGE][WARNING] - Timeout '0' is invalid. Using default page load timeout: '30'

2019-04-01 03:11:26 - [MESSAGE][PASSED] - Tapped on element 'Object Repository/Dashboard/Login/Daftar/Daftar_BtnSubmitDaftar'

2019-04-01 03:11:26 - [TEST_STEP][PASSED] - switch (varExpectedResult.toString()): null

2019-04-01 03:11:26 - [TEST_STEP][PASSED] - case "FAIL":: null

2019-04-01 03:11:26 - [TEST_STEP][PASSED] - verifyElementNotExist(findTestObject("Dashboard/Login/Daftar/Daftar_InpKodeOTP"), 5, STOP_ON_FAILURE): Element 'Object Repository/Dashboard/Login/Daftar/Daftar_InpKodeOTP' not found

2019-04-01 03:11:31 - [MESSAGE][PASSED] - Element 'Object Repository/Dashboard/Login/Daftar/Daftar_InpKodeOTP' not found

2019-04-01 03:11:31 - [TEST_STEP][PASSED] - break: null

2019-04-01 03:11:31 - [TEST_STEP][PASSED] - delay(3, STOP_ON_FAILURE): Delayed 3 second(s)

2019-04-01 03:11:34 - [MESSAGE][PASSED] - Delayed 3 second(s)

2019-04-01 03:11:34 - [TEST_STEP][NOT_RUN] - closeApplication(): NOT_RUN: closeApplication()

2019-04-01 03:11:34 - [MESSAGE][NOT_RUN] - NOT_RUN: closeApplication()]]></system-out>
         <system-err><![CDATA[]]></system-err>
      </testcase>
      <system-out><![CDATA[2019-04-01 03:08:59 - [TEST_SUITE][FAILED] - DaftarAkun: Test Cases/Dashboard/Login/Login_DaftarAkun FAILED.
Reason:
com.kms.katalon.core.exception.StepFailedException: Failed to check for element 'Object Repository/Dashboard/Login/Daftar/Daftar_InpKodeOTP' exist
	at com.kms.katalon.core.keyword.internal.KeywordMain.stepFailed(KeywordMain.groovy:48)
	at com.kms.katalon.core.mobile.keyword.internal.MobileKeywordMain.stepFailed(MobileKeywordMain.groovy:40)
	at com.kms.katalon.core.mobile.keyword.internal.MobileKeywordMain.runKeyword(MobileKeywordMain.groovy:23)
	at com.kms.katalon.core.mobile.keyword.builtin.VerifyElementExistKeyword.verifyElementExist(VerifyElementExistKeyword.groovy:80)
	at com.kms.katalon.core.mobile.keyword.builtin.VerifyElementExistKeyword.execute(VerifyElementExistKeyword.groovy:64)
	at com.kms.katalon.core.keyword.internal.KeywordExecutor.executeKeywordForPlatform(KeywordExecutor.groovy:56)
	at com.kms.katalon.core.mobile.keyword.MobileBuiltInKeywords.verifyElementExist(MobileBuiltInKeywords.groovy:605)
	at com.kms.katalon.core.mobile.keyword.MobileBuiltInKeywords$verifyElementExist$3.call(Unknown Source)
	at Login_DaftarAkun.run(Login_DaftarAkun:41)
	at com.kms.katalon.core.main.ScriptEngine.run(ScriptEngine.java:194)
	at com.kms.katalon.core.main.ScriptEngine.runScriptAsRawText(ScriptEngine.java:119)
	at com.kms.katalon.core.main.TestCaseExecutor.runScript(TestCaseExecutor.java:331)
	at com.kms.katalon.core.main.TestCaseExecutor.doExecute(TestCaseExecutor.java:322)
	at com.kms.katalon.core.main.TestCaseExecutor.processExecutionPhase(TestCaseExecutor.java:301)
	at com.kms.katalon.core.main.TestCaseExecutor.accessMainPhase(TestCaseExecutor.java:293)
	at com.kms.katalon.core.main.TestCaseExecutor.execute(TestCaseExecutor.java:227)
	at com.kms.katalon.core.main.TestSuiteExecutor.accessTestCaseMainPhase(TestSuiteExecutor.java:129)
	at com.kms.katalon.core.main.TestSuiteExecutor.accessTestSuiteMainPhase(TestSuiteExecutor.java:112)
	at com.kms.katalon.core.main.TestSuiteExecutor.execute(TestSuiteExecutor.java:81)
	at com.kms.katalon.core.main.TestCaseMain.startTestSuite(TestCaseMain.java:157)
	at com.kms.katalon.core.main.TestCaseMain$startTestSuite$0.call(Unknown Source)
	at TempTestSuite1554062933058.run(TempTestSuite1554062933058.groovy:35)]]></system-out>
      <system-err><![CDATA[2019-04-01 03:08:59 - [TEST_SUITE][FAILED] - DaftarAkun: Test Cases/Dashboard/Login/Login_DaftarAkun FAILED.
Reason:
com.kms.katalon.core.exception.StepFailedException: Failed to check for element 'Object Repository/Dashboard/Login/Daftar/Daftar_InpKodeOTP' exist
	at com.kms.katalon.core.keyword.internal.KeywordMain.stepFailed(KeywordMain.groovy:48)
	at com.kms.katalon.core.mobile.keyword.internal.MobileKeywordMain.stepFailed(MobileKeywordMain.groovy:40)
	at com.kms.katalon.core.mobile.keyword.internal.MobileKeywordMain.runKeyword(MobileKeywordMain.groovy:23)
	at com.kms.katalon.core.mobile.keyword.builtin.VerifyElementExistKeyword.verifyElementExist(VerifyElementExistKeyword.groovy:80)
	at com.kms.katalon.core.mobile.keyword.builtin.VerifyElementExistKeyword.execute(VerifyElementExistKeyword.groovy:64)
	at com.kms.katalon.core.keyword.internal.KeywordExecutor.executeKeywordForPlatform(KeywordExecutor.groovy:56)
	at com.kms.katalon.core.mobile.keyword.MobileBuiltInKeywords.verifyElementExist(MobileBuiltInKeywords.groovy:605)
	at com.kms.katalon.core.mobile.keyword.MobileBuiltInKeywords$verifyElementExist$3.call(Unknown Source)
	at Login_DaftarAkun.run(Login_DaftarAkun:41)
	at com.kms.katalon.core.main.ScriptEngine.run(ScriptEngine.java:194)
	at com.kms.katalon.core.main.ScriptEngine.runScriptAsRawText(ScriptEngine.java:119)
	at com.kms.katalon.core.main.TestCaseExecutor.runScript(TestCaseExecutor.java:331)
	at com.kms.katalon.core.main.TestCaseExecutor.doExecute(TestCaseExecutor.java:322)
	at com.kms.katalon.core.main.TestCaseExecutor.processExecutionPhase(TestCaseExecutor.java:301)
	at com.kms.katalon.core.main.TestCaseExecutor.accessMainPhase(TestCaseExecutor.java:293)
	at com.kms.katalon.core.main.TestCaseExecutor.execute(TestCaseExecutor.java:227)
	at com.kms.katalon.core.main.TestSuiteExecutor.accessTestCaseMainPhase(TestSuiteExecutor.java:129)
	at com.kms.katalon.core.main.TestSuiteExecutor.accessTestSuiteMainPhase(TestSuiteExecutor.java:112)
	at com.kms.katalon.core.main.TestSuiteExecutor.execute(TestSuiteExecutor.java:81)
	at com.kms.katalon.core.main.TestCaseMain.startTestSuite(TestCaseMain.java:157)
	at com.kms.katalon.core.main.TestCaseMain$startTestSuite$0.call(Unknown Source)
	at TempTestSuite1554062933058.run(TempTestSuite1554062933058.groovy:35)]]></system-err>
   </testsuite>
</testsuites>
