<?xml version="1.0" encoding="UTF-8"?>
<testsuites name="Login" time="1443" tests="14" failures="1" errors="0">
   <testsuite name="Login" tests="14" failures="1" errors="0" time="1443" timestamp="2019-03-28 13:03:51" hostname="08944 - 10.7.8.159" id="Test Suites/Login">
      <properties>
         <property name="deviceName" value="samsung SM-P355 (Android 7.1.1)"/>
         <property name="devicePlatform" value=""/>
         <property name="logFolder" value="C:\\Users\\IT-Services\\git\\Project in ACC - ACCOne Mobile\\Reports\\Login\\20190328_130347"/>
         <property name="logFiles" value="C:\\Users\\IT-Services\\git\\Project in ACC - ACCOne Mobile\\Reports\\Login\\20190328_130347\\appium.log, C:\\Users\\IT-Services\\git\\Project in ACC - ACCOne Mobile\\Reports\\Login\\20190328_130347\\execution0.log"/>
         <property name="attachments" value="C:\\Users\\IT-Services\\git\\Project in ACC - ACCOne Mobile\\Reports\\Login\\20190328_130347\\1553753901183.png, C:\\Users\\IT-Services\\git\\Project in ACC - ACCOne Mobile\\Reports\\Login\\20190328_130347\\1553753903753.png"/>
         <property name="hostName" value="08944 - 10.7.8.159"/>
         <property name="os" value="Windows 7 64bit"/>
         <property name="katalonVersion" value="6.0.5.4"/>
         <property name="deviceOS" value="Android"/>
         <property name="appiumVersion" value="1.8.1"/>
         <property name="deviceModel" value="SM-P355"/>
         <property name="hostAddress" value="10.7.8.159"/>
         <property name="deviceManufacturer" value="samsung"/>
         <property name="deviceId" value="16c92315"/>
         <property name="deviceName" value="samsung SM-P355 (Android 7.1.1)"/>
         <property name="deviceOSVersion" value="7.1.1"/>
      </properties>
      <testcase name="Test Cases/Dashboard/Login/Login" classname="Test Cases/Dashboard/Login/Login" status="PASSED">
         <system-out><![CDATA[2019-03-28 13:03:51 - [TEST_CASE][PASSED] - Test Cases/Dashboard/Login/Login: Test Cases/Dashboard/Login/Login

2019-03-28 13:03:52 - [TEST_STEP][PASSED] - startApplication("C:\Users\IT-Services\Katalon Studio\ACCONE Mobile\accone tst env 24 maret 2019.apk", false): Started app at: 'C:\Users\IT-Services\Katalon Studio\ACCONE Mobile\accone tst env 24 maret 2019.apk'

2019-03-28 13:04:01 - [MESSAGE][INFO] - Appium server started on port 2,811

2019-03-28 13:04:58 - [MESSAGE][PASSED] - Started app at: 'C:\Users\IT-Services\Katalon Studio\ACCONE Mobile\accone tst env 24 maret 2019.apk'

2019-03-28 13:04:58 - [TEST_STEP][PASSED] - tap(findTestObject("Dashboard/Dashboard_MenuLogin"), 0): Tapped on element 'Object Repository/Dashboard/Dashboard_MenuLogin'

2019-03-28 13:04:58 - [MESSAGE][WARNING] - Timeout '0' is invalid. Using default page load timeout: '30'

2019-03-28 13:05:05 - [MESSAGE][PASSED] - Tapped on element 'Object Repository/Dashboard/Dashboard_MenuLogin'

2019-03-28 13:05:05 - [TEST_STEP][PASSED] - setText(findTestObject("Dashboard/Login/Login_InpEmail"), varUsername, 0): Text 'emailsalah@a.c' has been set to element 'Object Repository/Dashboard/Login/Login_InpEmail'

2019-03-28 13:05:05 - [MESSAGE][WARNING] - Timeout '0' is invalid. Using default page load timeout: '30'

2019-03-28 13:05:07 - [MESSAGE][PASSED] - Text 'emailsalah@a.c' has been set to element 'Object Repository/Dashboard/Login/Login_InpEmail'

2019-03-28 13:05:07 - [TEST_STEP][PASSED] - setText(findTestObject("Dashboard/Login/Login_InpPassword"), varPassword, 0): Text 'Passwordsalah' has been set to element 'Object Repository/Dashboard/Login/Login_InpPassword'

2019-03-28 13:05:07 - [MESSAGE][WARNING] - Timeout '0' is invalid. Using default page load timeout: '30'

2019-03-28 13:05:09 - [MESSAGE][PASSED] - Text 'Passwordsalah' has been set to element 'Object Repository/Dashboard/Login/Login_InpPassword'

2019-03-28 13:05:09 - [TEST_STEP][PASSED] - tap(findTestObject("Dashboard/Login/Login_BtnMasuk"), 0): Tapped on element 'Object Repository/Dashboard/Login/Login_BtnMasuk'

2019-03-28 13:05:09 - [MESSAGE][WARNING] - Timeout '0' is invalid. Using default page load timeout: '30'

2019-03-28 13:05:12 - [MESSAGE][PASSED] - Tapped on element 'Object Repository/Dashboard/Login/Login_BtnMasuk'

2019-03-28 13:05:12 - [TEST_STEP][PASSED] - switch (varExpectedResult.toString()): null

2019-03-28 13:05:12 - [TEST_STEP][PASSED] - case "FAIL":: null

2019-03-28 13:05:12 - [TEST_STEP][PASSED] - verifyElementText(findTestObject("Dashboard/Login/Login_TxtUsernamePasswordSalah"), "Username/Password Salah."): Actual text and expected text of test object 'Object Repository/Dashboard/Login/Login_TxtUsernamePasswordSalah' are matched.

2019-03-28 13:05:12 - [MESSAGE][PASSED] - Actual text and expected text of test object 'Object Repository/Dashboard/Login/Login_TxtUsernamePasswordSalah' are matched.

2019-03-28 13:05:12 - [TEST_STEP][PASSED] - break: null

2019-03-28 13:05:12 - [TEST_STEP][PASSED] - closeApplication(): Close app successfully

2019-03-28 13:05:15 - [MESSAGE][PASSED] - Close app successfully]]></system-out>
         <system-err><![CDATA[]]></system-err>
      </testcase>
      <testcase name="Test Cases/Dashboard/Login/Login" classname="Test Cases/Dashboard/Login/Login" status="PASSED">
         <system-out><![CDATA[2019-03-28 13:05:15 - [TEST_CASE][PASSED] - Test Cases/Dashboard/Login/Login: Test Cases/Dashboard/Login/Login

2019-03-28 13:05:15 - [TEST_STEP][PASSED] - startApplication("C:\Users\IT-Services\Katalon Studio\ACCONE Mobile\accone tst env 24 maret 2019.apk", false): Started app at: 'C:\Users\IT-Services\Katalon Studio\ACCONE Mobile\accone tst env 24 maret 2019.apk'

2019-03-28 13:05:23 - [MESSAGE][INFO] - Appium server started on port 3,073

2019-03-28 13:06:16 - [MESSAGE][PASSED] - Started app at: 'C:\Users\IT-Services\Katalon Studio\ACCONE Mobile\accone tst env 24 maret 2019.apk'

2019-03-28 13:06:16 - [TEST_STEP][PASSED] - tap(findTestObject("Dashboard/Dashboard_MenuLogin"), 0): Tapped on element 'Object Repository/Dashboard/Dashboard_MenuLogin'

2019-03-28 13:06:16 - [MESSAGE][WARNING] - Timeout '0' is invalid. Using default page load timeout: '30'

2019-03-28 13:06:23 - [MESSAGE][PASSED] - Tapped on element 'Object Repository/Dashboard/Dashboard_MenuLogin'

2019-03-28 13:06:23 - [TEST_STEP][PASSED] - setText(findTestObject("Dashboard/Login/Login_InpEmail"), varUsername, 0): Text 'aya@4mail.top' has been set to element 'Object Repository/Dashboard/Login/Login_InpEmail'

2019-03-28 13:06:23 - [MESSAGE][WARNING] - Timeout '0' is invalid. Using default page load timeout: '30'

2019-03-28 13:06:25 - [MESSAGE][PASSED] - Text 'aya@4mail.top' has been set to element 'Object Repository/Dashboard/Login/Login_InpEmail'

2019-03-28 13:06:25 - [TEST_STEP][PASSED] - setText(findTestObject("Dashboard/Login/Login_InpPassword"), varPassword, 0): Text 'Password1!' has been set to element 'Object Repository/Dashboard/Login/Login_InpPassword'

2019-03-28 13:06:25 - [MESSAGE][WARNING] - Timeout '0' is invalid. Using default page load timeout: '30'

2019-03-28 13:06:27 - [MESSAGE][PASSED] - Text 'Password1!' has been set to element 'Object Repository/Dashboard/Login/Login_InpPassword'

2019-03-28 13:06:27 - [TEST_STEP][PASSED] - tap(findTestObject("Dashboard/Login/Login_BtnMasuk"), 0): Tapped on element 'Object Repository/Dashboard/Login/Login_BtnMasuk'

2019-03-28 13:06:27 - [MESSAGE][WARNING] - Timeout '0' is invalid. Using default page load timeout: '30'

2019-03-28 13:06:31 - [MESSAGE][PASSED] - Tapped on element 'Object Repository/Dashboard/Login/Login_BtnMasuk'

2019-03-28 13:06:31 - [TEST_STEP][PASSED] - switch (varExpectedResult.toString()): null

2019-03-28 13:06:31 - [TEST_STEP][PASSED] - case "PASS":: null

2019-03-28 13:06:31 - [TEST_STEP][PASSED] - waitForElementPresent(findTestObject("Dashboard/Dashboard_BtnCariDana"), 0): Element 'Object Repository/Dashboard/Dashboard_BtnCariDana' is present

2019-03-28 13:06:31 - [MESSAGE][WARNING] - Timeout '0' is invalid. Using default page load timeout: '30'

2019-03-28 13:06:32 - [MESSAGE][PASSED] - Element 'Object Repository/Dashboard/Dashboard_BtnCariDana' is present

2019-03-28 13:06:32 - [TEST_STEP][PASSED] - verifyElementVisible(findTestObject("Dashboard/Dashboard_BtnCariDana"), 0): Element 'Object Repository/Dashboard/Dashboard_BtnCariDana' is visible

2019-03-28 13:06:32 - [MESSAGE][WARNING] - Timeout '0' is invalid. Using default page load timeout: '30'

2019-03-28 13:06:34 - [MESSAGE][PASSED] - Element 'Object Repository/Dashboard/Dashboard_BtnCariDana' is visible

2019-03-28 13:06:34 - [TEST_STEP][PASSED] - tap(findTestObject("BottomMenu/MenuBawah_BtnAkun"), 0): Tapped on element 'Object Repository/BottomMenu/MenuBawah_BtnAkun'

2019-03-28 13:06:34 - [MESSAGE][WARNING] - Timeout '0' is invalid. Using default page load timeout: '30'

2019-03-28 13:06:36 - [MESSAGE][PASSED] - Tapped on element 'Object Repository/BottomMenu/MenuBawah_BtnAkun'

2019-03-28 13:06:36 - [TEST_STEP][PASSED] - tap(findTestObject("BottomMenu/Akun/Akun_BtnKeluar"), 0): Tapped on element 'Object Repository/BottomMenu/Akun/Akun_BtnKeluar'

2019-03-28 13:06:36 - [MESSAGE][WARNING] - Timeout '0' is invalid. Using default page load timeout: '30'

2019-03-28 13:06:38 - [MESSAGE][PASSED] - Tapped on element 'Object Repository/BottomMenu/Akun/Akun_BtnKeluar'

2019-03-28 13:06:38 - [TEST_STEP][PASSED] - tap(findTestObject("BottomMenu/Akun/Akun_BtnKeluarYes"), 0): Tapped on element 'Object Repository/BottomMenu/Akun/Akun_BtnKeluarYes'

2019-03-28 13:06:38 - [MESSAGE][WARNING] - Timeout '0' is invalid. Using default page load timeout: '30'

2019-03-28 13:06:40 - [MESSAGE][PASSED] - Tapped on element 'Object Repository/BottomMenu/Akun/Akun_BtnKeluarYes'

2019-03-28 13:06:40 - [TEST_STEP][PASSED] - break: null

2019-03-28 13:06:40 - [TEST_STEP][PASSED] - closeApplication(): Close app successfully

2019-03-28 13:06:42 - [MESSAGE][PASSED] - Close app successfully]]></system-out>
         <system-err><![CDATA[]]></system-err>
      </testcase>
      <testcase name="Test Cases/Dashboard/Login/Login" classname="Test Cases/Dashboard/Login/Login" status="PASSED">
         <system-out><![CDATA[2019-03-28 13:06:42 - [TEST_CASE][PASSED] - Test Cases/Dashboard/Login/Login: Test Cases/Dashboard/Login/Login

2019-03-28 13:06:42 - [TEST_STEP][PASSED] - startApplication("C:\Users\IT-Services\Katalon Studio\ACCONE Mobile\accone tst env 24 maret 2019.apk", false): Started app at: 'C:\Users\IT-Services\Katalon Studio\ACCONE Mobile\accone tst env 24 maret 2019.apk'

2019-03-28 13:06:50 - [MESSAGE][INFO] - Appium server started on port 3,383

2019-03-28 13:07:47 - [MESSAGE][PASSED] - Started app at: 'C:\Users\IT-Services\Katalon Studio\ACCONE Mobile\accone tst env 24 maret 2019.apk'

2019-03-28 13:07:47 - [TEST_STEP][PASSED] - tap(findTestObject("Dashboard/Dashboard_MenuLogin"), 0): Tapped on element 'Object Repository/Dashboard/Dashboard_MenuLogin'

2019-03-28 13:07:47 - [MESSAGE][WARNING] - Timeout '0' is invalid. Using default page load timeout: '30'

2019-03-28 13:07:54 - [MESSAGE][PASSED] - Tapped on element 'Object Repository/Dashboard/Dashboard_MenuLogin'

2019-03-28 13:07:54 - [TEST_STEP][PASSED] - setText(findTestObject("Dashboard/Login/Login_InpEmail"), varUsername, 0): Text '' has been set to element 'Object Repository/Dashboard/Login/Login_InpEmail'

2019-03-28 13:07:54 - [MESSAGE][WARNING] - Timeout '0' is invalid. Using default page load timeout: '30'

2019-03-28 13:07:56 - [MESSAGE][PASSED] - Text '' has been set to element 'Object Repository/Dashboard/Login/Login_InpEmail'

2019-03-28 13:07:56 - [TEST_STEP][PASSED] - setText(findTestObject("Dashboard/Login/Login_InpPassword"), varPassword, 0): Text '' has been set to element 'Object Repository/Dashboard/Login/Login_InpPassword'

2019-03-28 13:07:56 - [MESSAGE][WARNING] - Timeout '0' is invalid. Using default page load timeout: '30'

2019-03-28 13:07:57 - [MESSAGE][PASSED] - Text '' has been set to element 'Object Repository/Dashboard/Login/Login_InpPassword'

2019-03-28 13:07:57 - [TEST_STEP][PASSED] - tap(findTestObject("Dashboard/Login/Login_BtnMasuk"), 0): Tapped on element 'Object Repository/Dashboard/Login/Login_BtnMasuk'

2019-03-28 13:07:57 - [MESSAGE][WARNING] - Timeout '0' is invalid. Using default page load timeout: '30'

2019-03-28 13:07:58 - [MESSAGE][PASSED] - Tapped on element 'Object Repository/Dashboard/Login/Login_BtnMasuk'

2019-03-28 13:07:58 - [TEST_STEP][PASSED] - switch (varExpectedResult.toString()): null

2019-03-28 13:07:59 - [TEST_STEP][PASSED] - case "DISABLEDBUTTON":: null

2019-03-28 13:07:59 - [TEST_STEP][PASSED] - verifyElementNotVisible(findTestObject("Dashboard/Dashboard_BtnCariDana"), 0): Element 'Object Repository/Dashboard/Dashboard_BtnCariDana' not found

2019-03-28 13:07:59 - [MESSAGE][WARNING] - Timeout '0' is invalid. Using default page load timeout: '30'

2019-03-28 13:08:29 - [MESSAGE][PASSED] - Element 'Object Repository/Dashboard/Dashboard_BtnCariDana' not found

2019-03-28 13:08:29 - [TEST_STEP][PASSED] - break: null

2019-03-28 13:08:29 - [TEST_STEP][PASSED] - closeApplication(): Close app successfully

2019-03-28 13:08:31 - [MESSAGE][PASSED] - Close app successfully]]></system-out>
         <system-err><![CDATA[]]></system-err>
      </testcase>
      <testcase name="Test Cases/Dashboard/Login/Login" classname="Test Cases/Dashboard/Login/Login" status="PASSED">
         <system-out><![CDATA[2019-03-28 13:08:31 - [TEST_CASE][PASSED] - Test Cases/Dashboard/Login/Login: Test Cases/Dashboard/Login/Login

2019-03-28 13:08:31 - [TEST_STEP][PASSED] - startApplication("C:\Users\IT-Services\Katalon Studio\ACCONE Mobile\accone tst env 24 maret 2019.apk", false): Started app at: 'C:\Users\IT-Services\Katalon Studio\ACCONE Mobile\accone tst env 24 maret 2019.apk'

2019-03-28 13:08:39 - [MESSAGE][INFO] - Appium server started on port 3,943

2019-03-28 13:09:33 - [MESSAGE][PASSED] - Started app at: 'C:\Users\IT-Services\Katalon Studio\ACCONE Mobile\accone tst env 24 maret 2019.apk'

2019-03-28 13:09:33 - [TEST_STEP][PASSED] - tap(findTestObject("Dashboard/Dashboard_MenuLogin"), 0): Tapped on element 'Object Repository/Dashboard/Dashboard_MenuLogin'

2019-03-28 13:09:33 - [MESSAGE][WARNING] - Timeout '0' is invalid. Using default page load timeout: '30'

2019-03-28 13:09:40 - [MESSAGE][PASSED] - Tapped on element 'Object Repository/Dashboard/Dashboard_MenuLogin'

2019-03-28 13:09:40 - [TEST_STEP][PASSED] - setText(findTestObject("Dashboard/Login/Login_InpEmail"), varUsername, 0): Text 'aya@4mail.top' has been set to element 'Object Repository/Dashboard/Login/Login_InpEmail'

2019-03-28 13:09:40 - [MESSAGE][WARNING] - Timeout '0' is invalid. Using default page load timeout: '30'

2019-03-28 13:09:42 - [MESSAGE][PASSED] - Text 'aya@4mail.top' has been set to element 'Object Repository/Dashboard/Login/Login_InpEmail'

2019-03-28 13:09:42 - [TEST_STEP][PASSED] - setText(findTestObject("Dashboard/Login/Login_InpPassword"), varPassword, 0): Text '' has been set to element 'Object Repository/Dashboard/Login/Login_InpPassword'

2019-03-28 13:09:42 - [MESSAGE][WARNING] - Timeout '0' is invalid. Using default page load timeout: '30'

2019-03-28 13:09:44 - [MESSAGE][PASSED] - Text '' has been set to element 'Object Repository/Dashboard/Login/Login_InpPassword'

2019-03-28 13:09:44 - [TEST_STEP][PASSED] - tap(findTestObject("Dashboard/Login/Login_BtnMasuk"), 0): Tapped on element 'Object Repository/Dashboard/Login/Login_BtnMasuk'

2019-03-28 13:09:44 - [MESSAGE][WARNING] - Timeout '0' is invalid. Using default page load timeout: '30'

2019-03-28 13:09:45 - [MESSAGE][PASSED] - Tapped on element 'Object Repository/Dashboard/Login/Login_BtnMasuk'

2019-03-28 13:09:45 - [TEST_STEP][PASSED] - switch (varExpectedResult.toString()): null

2019-03-28 13:09:45 - [TEST_STEP][PASSED] - case "DISABLEDBUTTON":: null

2019-03-28 13:09:45 - [TEST_STEP][PASSED] - verifyElementNotVisible(findTestObject("Dashboard/Dashboard_BtnCariDana"), 0): Element 'Object Repository/Dashboard/Dashboard_BtnCariDana' not found

2019-03-28 13:09:45 - [MESSAGE][WARNING] - Timeout '0' is invalid. Using default page load timeout: '30'

2019-03-28 13:10:15 - [MESSAGE][PASSED] - Element 'Object Repository/Dashboard/Dashboard_BtnCariDana' not found

2019-03-28 13:10:15 - [TEST_STEP][PASSED] - break: null

2019-03-28 13:10:15 - [TEST_STEP][PASSED] - closeApplication(): Close app successfully

2019-03-28 13:10:18 - [MESSAGE][PASSED] - Close app successfully]]></system-out>
         <system-err><![CDATA[]]></system-err>
      </testcase>
      <testcase name="Test Cases/Dashboard/Login/Login" classname="Test Cases/Dashboard/Login/Login" status="PASSED">
         <system-out><![CDATA[2019-03-28 13:10:18 - [TEST_CASE][PASSED] - Test Cases/Dashboard/Login/Login: Test Cases/Dashboard/Login/Login

2019-03-28 13:10:18 - [TEST_STEP][PASSED] - startApplication("C:\Users\IT-Services\Katalon Studio\ACCONE Mobile\accone tst env 24 maret 2019.apk", false): Started app at: 'C:\Users\IT-Services\Katalon Studio\ACCONE Mobile\accone tst env 24 maret 2019.apk'

2019-03-28 13:10:26 - [MESSAGE][INFO] - Appium server started on port 4,533

2019-03-28 13:11:22 - [MESSAGE][PASSED] - Started app at: 'C:\Users\IT-Services\Katalon Studio\ACCONE Mobile\accone tst env 24 maret 2019.apk'

2019-03-28 13:11:22 - [TEST_STEP][PASSED] - tap(findTestObject("Dashboard/Dashboard_MenuLogin"), 0): Tapped on element 'Object Repository/Dashboard/Dashboard_MenuLogin'

2019-03-28 13:11:22 - [MESSAGE][WARNING] - Timeout '0' is invalid. Using default page load timeout: '30'

2019-03-28 13:11:29 - [MESSAGE][PASSED] - Tapped on element 'Object Repository/Dashboard/Dashboard_MenuLogin'

2019-03-28 13:11:29 - [TEST_STEP][PASSED] - setText(findTestObject("Dashboard/Login/Login_InpEmail"), varUsername, 0): Text '' has been set to element 'Object Repository/Dashboard/Login/Login_InpEmail'

2019-03-28 13:11:29 - [MESSAGE][WARNING] - Timeout '0' is invalid. Using default page load timeout: '30'

2019-03-28 13:11:31 - [MESSAGE][PASSED] - Text '' has been set to element 'Object Repository/Dashboard/Login/Login_InpEmail'

2019-03-28 13:11:31 - [TEST_STEP][PASSED] - setText(findTestObject("Dashboard/Login/Login_InpPassword"), varPassword, 0): Text 'Password1!' has been set to element 'Object Repository/Dashboard/Login/Login_InpPassword'

2019-03-28 13:11:31 - [MESSAGE][WARNING] - Timeout '0' is invalid. Using default page load timeout: '30'

2019-03-28 13:11:32 - [MESSAGE][PASSED] - Text 'Password1!' has been set to element 'Object Repository/Dashboard/Login/Login_InpPassword'

2019-03-28 13:11:32 - [TEST_STEP][PASSED] - tap(findTestObject("Dashboard/Login/Login_BtnMasuk"), 0): Tapped on element 'Object Repository/Dashboard/Login/Login_BtnMasuk'

2019-03-28 13:11:32 - [MESSAGE][WARNING] - Timeout '0' is invalid. Using default page load timeout: '30'

2019-03-28 13:11:34 - [MESSAGE][PASSED] - Tapped on element 'Object Repository/Dashboard/Login/Login_BtnMasuk'

2019-03-28 13:11:34 - [TEST_STEP][PASSED] - switch (varExpectedResult.toString()): null

2019-03-28 13:11:34 - [TEST_STEP][PASSED] - case "DISABLEDBUTTON":: null

2019-03-28 13:11:34 - [TEST_STEP][PASSED] - verifyElementNotVisible(findTestObject("Dashboard/Dashboard_BtnCariDana"), 0): Element 'Object Repository/Dashboard/Dashboard_BtnCariDana' not found

2019-03-28 13:11:34 - [MESSAGE][WARNING] - Timeout '0' is invalid. Using default page load timeout: '30'

2019-03-28 13:12:04 - [MESSAGE][PASSED] - Element 'Object Repository/Dashboard/Dashboard_BtnCariDana' not found

2019-03-28 13:12:04 - [TEST_STEP][PASSED] - break: null

2019-03-28 13:12:04 - [TEST_STEP][PASSED] - closeApplication(): Close app successfully

2019-03-28 13:12:06 - [MESSAGE][PASSED] - Close app successfully]]></system-out>
         <system-err><![CDATA[]]></system-err>
      </testcase>
      <testcase name="Test Cases/Dashboard/Login/Login" classname="Test Cases/Dashboard/Login/Login" status="PASSED">
         <system-out><![CDATA[2019-03-28 13:12:06 - [TEST_CASE][PASSED] - Test Cases/Dashboard/Login/Login: Test Cases/Dashboard/Login/Login

2019-03-28 13:12:06 - [TEST_STEP][PASSED] - startApplication("C:\Users\IT-Services\Katalon Studio\ACCONE Mobile\accone tst env 24 maret 2019.apk", false): Started app at: 'C:\Users\IT-Services\Katalon Studio\ACCONE Mobile\accone tst env 24 maret 2019.apk'

2019-03-28 13:12:14 - [MESSAGE][INFO] - Appium server started on port 5,122

2019-03-28 13:13:08 - [MESSAGE][PASSED] - Started app at: 'C:\Users\IT-Services\Katalon Studio\ACCONE Mobile\accone tst env 24 maret 2019.apk'

2019-03-28 13:13:08 - [TEST_STEP][PASSED] - tap(findTestObject("Dashboard/Dashboard_MenuLogin"), 0): Tapped on element 'Object Repository/Dashboard/Dashboard_MenuLogin'

2019-03-28 13:13:08 - [MESSAGE][WARNING] - Timeout '0' is invalid. Using default page load timeout: '30'

2019-03-28 13:13:15 - [MESSAGE][PASSED] - Tapped on element 'Object Repository/Dashboard/Dashboard_MenuLogin'

2019-03-28 13:13:15 - [TEST_STEP][PASSED] - setText(findTestObject("Dashboard/Login/Login_InpEmail"), varUsername, 0): Text 'emailsalah@a.c' has been set to element 'Object Repository/Dashboard/Login/Login_InpEmail'

2019-03-28 13:13:15 - [MESSAGE][WARNING] - Timeout '0' is invalid. Using default page load timeout: '30'

2019-03-28 13:13:17 - [MESSAGE][PASSED] - Text 'emailsalah@a.c' has been set to element 'Object Repository/Dashboard/Login/Login_InpEmail'

2019-03-28 13:13:17 - [TEST_STEP][PASSED] - setText(findTestObject("Dashboard/Login/Login_InpPassword"), varPassword, 0): Text 'Passwordsalah' has been set to element 'Object Repository/Dashboard/Login/Login_InpPassword'

2019-03-28 13:13:17 - [MESSAGE][WARNING] - Timeout '0' is invalid. Using default page load timeout: '30'

2019-03-28 13:13:19 - [MESSAGE][PASSED] - Text 'Passwordsalah' has been set to element 'Object Repository/Dashboard/Login/Login_InpPassword'

2019-03-28 13:13:19 - [TEST_STEP][PASSED] - tap(findTestObject("Dashboard/Login/Login_BtnMasuk"), 0): Tapped on element 'Object Repository/Dashboard/Login/Login_BtnMasuk'

2019-03-28 13:13:19 - [MESSAGE][WARNING] - Timeout '0' is invalid. Using default page load timeout: '30'

2019-03-28 13:13:21 - [MESSAGE][PASSED] - Tapped on element 'Object Repository/Dashboard/Login/Login_BtnMasuk'

2019-03-28 13:13:21 - [TEST_STEP][PASSED] - switch (varExpectedResult.toString()): null

2019-03-28 13:13:21 - [TEST_STEP][PASSED] - case "FAIL":: null

2019-03-28 13:13:21 - [TEST_STEP][PASSED] - verifyElementText(findTestObject("Dashboard/Login/Login_TxtUsernamePasswordSalah"), "Username/Password Salah."): Actual text and expected text of test object 'Object Repository/Dashboard/Login/Login_TxtUsernamePasswordSalah' are matched.

2019-03-28 13:13:22 - [MESSAGE][PASSED] - Actual text and expected text of test object 'Object Repository/Dashboard/Login/Login_TxtUsernamePasswordSalah' are matched.

2019-03-28 13:13:22 - [TEST_STEP][PASSED] - break: null

2019-03-28 13:13:22 - [TEST_STEP][PASSED] - closeApplication(): Close app successfully

2019-03-28 13:13:25 - [MESSAGE][PASSED] - Close app successfully]]></system-out>
         <system-err><![CDATA[]]></system-err>
      </testcase>
      <testcase name="Test Cases/Dashboard/Login/Login" classname="Test Cases/Dashboard/Login/Login" status="PASSED">
         <system-out><![CDATA[2019-03-28 13:13:25 - [TEST_CASE][PASSED] - Test Cases/Dashboard/Login/Login: Test Cases/Dashboard/Login/Login

2019-03-28 13:13:25 - [TEST_STEP][PASSED] - startApplication("C:\Users\IT-Services\Katalon Studio\ACCONE Mobile\accone tst env 24 maret 2019.apk", false): Started app at: 'C:\Users\IT-Services\Katalon Studio\ACCONE Mobile\accone tst env 24 maret 2019.apk'

2019-03-28 13:13:32 - [MESSAGE][INFO] - Appium server started on port 5,398

2019-03-28 13:14:28 - [MESSAGE][PASSED] - Started app at: 'C:\Users\IT-Services\Katalon Studio\ACCONE Mobile\accone tst env 24 maret 2019.apk'

2019-03-28 13:14:28 - [TEST_STEP][PASSED] - tap(findTestObject("Dashboard/Dashboard_MenuLogin"), 0): Tapped on element 'Object Repository/Dashboard/Dashboard_MenuLogin'

2019-03-28 13:14:28 - [MESSAGE][WARNING] - Timeout '0' is invalid. Using default page load timeout: '30'

2019-03-28 13:14:35 - [MESSAGE][PASSED] - Tapped on element 'Object Repository/Dashboard/Dashboard_MenuLogin'

2019-03-28 13:14:35 - [TEST_STEP][PASSED] - setText(findTestObject("Dashboard/Login/Login_InpEmail"), varUsername, 0): Text 'aya@4mail.top' has been set to element 'Object Repository/Dashboard/Login/Login_InpEmail'

2019-03-28 13:14:35 - [MESSAGE][WARNING] - Timeout '0' is invalid. Using default page load timeout: '30'

2019-03-28 13:14:37 - [MESSAGE][PASSED] - Text 'aya@4mail.top' has been set to element 'Object Repository/Dashboard/Login/Login_InpEmail'

2019-03-28 13:14:37 - [TEST_STEP][PASSED] - setText(findTestObject("Dashboard/Login/Login_InpPassword"), varPassword, 0): Text 'Passwordsalah' has been set to element 'Object Repository/Dashboard/Login/Login_InpPassword'

2019-03-28 13:14:37 - [MESSAGE][WARNING] - Timeout '0' is invalid. Using default page load timeout: '30'

2019-03-28 13:14:39 - [MESSAGE][PASSED] - Text 'Passwordsalah' has been set to element 'Object Repository/Dashboard/Login/Login_InpPassword'

2019-03-28 13:14:39 - [TEST_STEP][PASSED] - tap(findTestObject("Dashboard/Login/Login_BtnMasuk"), 0): Tapped on element 'Object Repository/Dashboard/Login/Login_BtnMasuk'

2019-03-28 13:14:39 - [MESSAGE][WARNING] - Timeout '0' is invalid. Using default page load timeout: '30'

2019-03-28 13:14:42 - [MESSAGE][PASSED] - Tapped on element 'Object Repository/Dashboard/Login/Login_BtnMasuk'

2019-03-28 13:14:42 - [TEST_STEP][PASSED] - switch (varExpectedResult.toString()): null

2019-03-28 13:14:42 - [TEST_STEP][PASSED] - case "FAIL":: null

2019-03-28 13:14:42 - [TEST_STEP][PASSED] - verifyElementText(findTestObject("Dashboard/Login/Login_TxtUsernamePasswordSalah"), "Username/Password Salah."): Actual text and expected text of test object 'Object Repository/Dashboard/Login/Login_TxtUsernamePasswordSalah' are matched.

2019-03-28 13:14:42 - [MESSAGE][PASSED] - Actual text and expected text of test object 'Object Repository/Dashboard/Login/Login_TxtUsernamePasswordSalah' are matched.

2019-03-28 13:14:42 - [TEST_STEP][PASSED] - break: null

2019-03-28 13:14:42 - [TEST_STEP][PASSED] - closeApplication(): Close app successfully

2019-03-28 13:14:45 - [MESSAGE][PASSED] - Close app successfully]]></system-out>
         <system-err><![CDATA[]]></system-err>
      </testcase>
      <testcase name="Test Cases/Dashboard/Login/Login" classname="Test Cases/Dashboard/Login/Login" status="PASSED">
         <system-out><![CDATA[2019-03-28 13:14:45 - [TEST_CASE][PASSED] - Test Cases/Dashboard/Login/Login: Test Cases/Dashboard/Login/Login

2019-03-28 13:14:45 - [TEST_STEP][PASSED] - startApplication("C:\Users\IT-Services\Katalon Studio\ACCONE Mobile\accone tst env 24 maret 2019.apk", false): Started app at: 'C:\Users\IT-Services\Katalon Studio\ACCONE Mobile\accone tst env 24 maret 2019.apk'

2019-03-28 13:14:53 - [MESSAGE][INFO] - Appium server started on port 5,679

2019-03-28 13:15:47 - [MESSAGE][PASSED] - Started app at: 'C:\Users\IT-Services\Katalon Studio\ACCONE Mobile\accone tst env 24 maret 2019.apk'

2019-03-28 13:15:47 - [TEST_STEP][PASSED] - tap(findTestObject("Dashboard/Dashboard_MenuLogin"), 0): Tapped on element 'Object Repository/Dashboard/Dashboard_MenuLogin'

2019-03-28 13:15:47 - [MESSAGE][WARNING] - Timeout '0' is invalid. Using default page load timeout: '30'

2019-03-28 13:15:54 - [MESSAGE][PASSED] - Tapped on element 'Object Repository/Dashboard/Dashboard_MenuLogin'

2019-03-28 13:15:54 - [TEST_STEP][PASSED] - setText(findTestObject("Dashboard/Login/Login_InpEmail"), varUsername, 0): Text 'emailsalah@a.c' has been set to element 'Object Repository/Dashboard/Login/Login_InpEmail'

2019-03-28 13:15:54 - [MESSAGE][WARNING] - Timeout '0' is invalid. Using default page load timeout: '30'

2019-03-28 13:15:56 - [MESSAGE][PASSED] - Text 'emailsalah@a.c' has been set to element 'Object Repository/Dashboard/Login/Login_InpEmail'

2019-03-28 13:15:56 - [TEST_STEP][PASSED] - setText(findTestObject("Dashboard/Login/Login_InpPassword"), varPassword, 0): Text 'Password1!' has been set to element 'Object Repository/Dashboard/Login/Login_InpPassword'

2019-03-28 13:15:56 - [MESSAGE][WARNING] - Timeout '0' is invalid. Using default page load timeout: '30'

2019-03-28 13:15:57 - [MESSAGE][PASSED] - Text 'Password1!' has been set to element 'Object Repository/Dashboard/Login/Login_InpPassword'

2019-03-28 13:15:57 - [TEST_STEP][PASSED] - tap(findTestObject("Dashboard/Login/Login_BtnMasuk"), 0): Tapped on element 'Object Repository/Dashboard/Login/Login_BtnMasuk'

2019-03-28 13:15:57 - [MESSAGE][WARNING] - Timeout '0' is invalid. Using default page load timeout: '30'

2019-03-28 13:16:00 - [MESSAGE][PASSED] - Tapped on element 'Object Repository/Dashboard/Login/Login_BtnMasuk'

2019-03-28 13:16:00 - [TEST_STEP][PASSED] - switch (varExpectedResult.toString()): null

2019-03-28 13:16:00 - [TEST_STEP][PASSED] - case "FAIL":: null

2019-03-28 13:16:00 - [TEST_STEP][PASSED] - verifyElementText(findTestObject("Dashboard/Login/Login_TxtUsernamePasswordSalah"), "Username/Password Salah."): Actual text and expected text of test object 'Object Repository/Dashboard/Login/Login_TxtUsernamePasswordSalah' are matched.

2019-03-28 13:16:01 - [MESSAGE][PASSED] - Actual text and expected text of test object 'Object Repository/Dashboard/Login/Login_TxtUsernamePasswordSalah' are matched.

2019-03-28 13:16:01 - [TEST_STEP][PASSED] - break: null

2019-03-28 13:16:01 - [TEST_STEP][PASSED] - closeApplication(): Close app successfully

2019-03-28 13:16:03 - [MESSAGE][PASSED] - Close app successfully]]></system-out>
         <system-err><![CDATA[]]></system-err>
      </testcase>
      <testcase name="Test Cases/Dashboard/Login/Login" classname="Test Cases/Dashboard/Login/Login" status="FAILED">
         <failure type="FAILED" message="Test Cases/Dashboard/Login/Login FAILED.
Reason:
com.kms.katalon.core.exception.StepFailedException: Failed to check for element 'Object Repository/Dashboard/Dashboard_BtnCariDana' visible
	at com.kms.katalon.core.keyword.internal.KeywordMain.stepFailed(KeywordMain.groovy:48)
	at com.kms.katalon.core.mobile.keyword.internal.MobileKeywordMain.stepFailed(MobileKeywordMain.groovy:40)
	at com.kms.katalon.core.mobile.keyword.internal.MobileKeywordMain.runKeyword(MobileKeywordMain.groovy:23)
	at com.kms.katalon.core.mobile.keyword.builtin.VerifyElementVisibleKeyword.verifyElementVisible(VerifyElementVisibleKeyword.groovy:85)
	at com.kms.katalon.core.mobile.keyword.builtin.VerifyElementVisibleKeyword.execute(VerifyElementVisibleKeyword.groovy:64)
	at com.kms.katalon.core.keyword.internal.KeywordExecutor.executeKeywordForPlatform(KeywordExecutor.groovy:56)
	at com.kms.katalon.core.mobile.keyword.MobileBuiltInKeywords.verifyElementVisible(MobileBuiltInKeywords.groovy:897)
	at com.kms.katalon.core.mobile.keyword.MobileBuiltInKeywords$verifyElementVisible$5.call(Unknown Source)
	at Login.run(Login:30)
	at com.kms.katalon.core.main.ScriptEngine.run(ScriptEngine.java:194)
	at com.kms.katalon.core.main.ScriptEngine.runScriptAsRawText(ScriptEngine.java:119)
	at com.kms.katalon.core.main.TestCaseExecutor.runScript(TestCaseExecutor.java:331)
	at com.kms.katalon.core.main.TestCaseExecutor.doExecute(TestCaseExecutor.java:322)
	at com.kms.katalon.core.main.TestCaseExecutor.processExecutionPhase(TestCaseExecutor.java:301)
	at com.kms.katalon.core.main.TestCaseExecutor.accessMainPhase(TestCaseExecutor.java:293)
	at com.kms.katalon.core.main.TestCaseExecutor.execute(TestCaseExecutor.java:227)
	at com.kms.katalon.core.main.TestSuiteExecutor.accessTestCaseMainPhase(TestSuiteExecutor.java:129)
	at com.kms.katalon.core.main.TestSuiteExecutor.accessTestSuiteMainPhase(TestSuiteExecutor.java:112)
	at com.kms.katalon.core.main.TestSuiteExecutor.execute(TestSuiteExecutor.java:81)
	at com.kms.katalon.core.main.TestCaseMain.startTestSuite(TestCaseMain.java:157)
	at com.kms.katalon.core.main.TestCaseMain$startTestSuite$0.call(Unknown Source)
	at TempTestSuite1553753027180.run(TempTestSuite1553753027180.groovy:35)
"/>
         <system-out><![CDATA[2019-03-28 13:16:03 - [TEST_CASE][FAILED] - Test Cases/Dashboard/Login/Login: Test Cases/Dashboard/Login/Login FAILED.
Reason:
com.kms.katalon.core.exception.StepFailedException: Failed to check for element 'Object Repository/Dashboard/Dashboard_BtnCariDana' visible
	at com.kms.katalon.core.keyword.internal.KeywordMain.stepFailed(KeywordMain.groovy:48)
	at com.kms.katalon.core.mobile.keyword.internal.MobileKeywordMain.stepFailed(MobileKeywordMain.groovy:40)
	at com.kms.katalon.core.mobile.keyword.internal.MobileKeywordMain.runKeyword(MobileKeywordMain.groovy:23)
	at com.kms.katalon.core.mobile.keyword.builtin.VerifyElementVisibleKeyword.verifyElementVisible(VerifyElementVisibleKeyword.groovy:85)
	at com.kms.katalon.core.mobile.keyword.builtin.VerifyElementVisibleKeyword.execute(VerifyElementVisibleKeyword.groovy:64)
	at com.kms.katalon.core.keyword.internal.KeywordExecutor.executeKeywordForPlatform(KeywordExecutor.groovy:56)
	at com.kms.katalon.core.mobile.keyword.MobileBuiltInKeywords.verifyElementVisible(MobileBuiltInKeywords.groovy:897)
	at com.kms.katalon.core.mobile.keyword.MobileBuiltInKeywords$verifyElementVisible$5.call(Unknown Source)
	at Login.run(Login:30)
	at com.kms.katalon.core.main.ScriptEngine.run(ScriptEngine.java:194)
	at com.kms.katalon.core.main.ScriptEngine.runScriptAsRawText(ScriptEngine.java:119)
	at com.kms.katalon.core.main.TestCaseExecutor.runScript(TestCaseExecutor.java:331)
	at com.kms.katalon.core.main.TestCaseExecutor.doExecute(TestCaseExecutor.java:322)
	at com.kms.katalon.core.main.TestCaseExecutor.processExecutionPhase(TestCaseExecutor.java:301)
	at com.kms.katalon.core.main.TestCaseExecutor.accessMainPhase(TestCaseExecutor.java:293)
	at com.kms.katalon.core.main.TestCaseExecutor.execute(TestCaseExecutor.java:227)
	at com.kms.katalon.core.main.TestSuiteExecutor.accessTestCaseMainPhase(TestSuiteExecutor.java:129)
	at com.kms.katalon.core.main.TestSuiteExecutor.accessTestSuiteMainPhase(TestSuiteExecutor.java:112)
	at com.kms.katalon.core.main.TestSuiteExecutor.execute(TestSuiteExecutor.java:81)
	at com.kms.katalon.core.main.TestCaseMain.startTestSuite(TestCaseMain.java:157)
	at com.kms.katalon.core.main.TestCaseMain$startTestSuite$0.call(Unknown Source)
	at TempTestSuite1553753027180.run(TempTestSuite1553753027180.groovy:35)


2019-03-28 13:16:03 - [TEST_STEP][PASSED] - startApplication("C:\Users\IT-Services\Katalon Studio\ACCONE Mobile\accone tst env 24 maret 2019.apk", false): Started app at: 'C:\Users\IT-Services\Katalon Studio\ACCONE Mobile\accone tst env 24 maret 2019.apk'

2019-03-28 13:16:11 - [MESSAGE][INFO] - Appium server started on port 5,954

2019-03-28 13:17:07 - [MESSAGE][PASSED] - Started app at: 'C:\Users\IT-Services\Katalon Studio\ACCONE Mobile\accone tst env 24 maret 2019.apk'

2019-03-28 13:17:07 - [TEST_STEP][PASSED] - tap(findTestObject("Dashboard/Dashboard_MenuLogin"), 0): Tapped on element 'Object Repository/Dashboard/Dashboard_MenuLogin'

2019-03-28 13:17:07 - [MESSAGE][WARNING] - Timeout '0' is invalid. Using default page load timeout: '30'

2019-03-28 13:17:15 - [MESSAGE][PASSED] - Tapped on element 'Object Repository/Dashboard/Dashboard_MenuLogin'

2019-03-28 13:17:15 - [TEST_STEP][PASSED] - setText(findTestObject("Dashboard/Login/Login_InpEmail"), varUsername, 0): Text '81904067865' has been set to element 'Object Repository/Dashboard/Login/Login_InpEmail'

2019-03-28 13:17:15 - [MESSAGE][WARNING] - Timeout '0' is invalid. Using default page load timeout: '30'

2019-03-28 13:17:16 - [MESSAGE][PASSED] - Text '81904067865' has been set to element 'Object Repository/Dashboard/Login/Login_InpEmail'

2019-03-28 13:17:16 - [TEST_STEP][PASSED] - setText(findTestObject("Dashboard/Login/Login_InpPassword"), varPassword, 0): Text 'Password1!' has been set to element 'Object Repository/Dashboard/Login/Login_InpPassword'

2019-03-28 13:17:16 - [MESSAGE][WARNING] - Timeout '0' is invalid. Using default page load timeout: '30'

2019-03-28 13:17:18 - [MESSAGE][PASSED] - Text 'Password1!' has been set to element 'Object Repository/Dashboard/Login/Login_InpPassword'

2019-03-28 13:17:18 - [TEST_STEP][PASSED] - tap(findTestObject("Dashboard/Login/Login_BtnMasuk"), 0): Tapped on element 'Object Repository/Dashboard/Login/Login_BtnMasuk'

2019-03-28 13:17:18 - [MESSAGE][WARNING] - Timeout '0' is invalid. Using default page load timeout: '30'

2019-03-28 13:17:21 - [MESSAGE][PASSED] - Tapped on element 'Object Repository/Dashboard/Login/Login_BtnMasuk'

2019-03-28 13:17:21 - [TEST_STEP][FAILED] - switch (varExpectedResult.toString()): switch (varExpectedResult.toString()) FAILED.
Reason:
com.kms.katalon.core.exception.StepFailedException: Failed to check for element 'Object Repository/Dashboard/Dashboard_BtnCariDana' visible
	at com.kms.katalon.core.keyword.internal.KeywordMain.stepFailed(KeywordMain.groovy:48)
	at com.kms.katalon.core.mobile.keyword.internal.MobileKeywordMain.stepFailed(MobileKeywordMain.groovy:40)
	at com.kms.katalon.core.mobile.keyword.internal.MobileKeywordMain.runKeyword(MobileKeywordMain.groovy:23)
	at com.kms.katalon.core.mobile.keyword.builtin.VerifyElementVisibleKeyword.verifyElementVisible(VerifyElementVisibleKeyword.groovy:85)
	at com.kms.katalon.core.mobile.keyword.builtin.VerifyElementVisibleKeyword.execute(VerifyElementVisibleKeyword.groovy:64)
	at com.kms.katalon.core.keyword.internal.KeywordExecutor.executeKeywordForPlatform(KeywordExecutor.groovy:56)
	at com.kms.katalon.core.mobile.keyword.MobileBuiltInKeywords.verifyElementVisible(MobileBuiltInKeywords.groovy:897)
	at com.kms.katalon.core.mobile.keyword.MobileBuiltInKeywords$verifyElementVisible$5.call(Unknown Source)
	at Login.run(Login:30)
	at com.kms.katalon.core.main.ScriptEngine.run(ScriptEngine.java:194)
	at com.kms.katalon.core.main.ScriptEngine.runScriptAsRawText(ScriptEngine.java:119)
	at com.kms.katalon.core.main.TestCaseExecutor.runScript(TestCaseExecutor.java:331)
	at com.kms.katalon.core.main.TestCaseExecutor.doExecute(TestCaseExecutor.java:322)
	at com.kms.katalon.core.main.TestCaseExecutor.processExecutionPhase(TestCaseExecutor.java:301)
	at com.kms.katalon.core.main.TestCaseExecutor.accessMainPhase(TestCaseExecutor.java:293)
	at com.kms.katalon.core.main.TestCaseExecutor.execute(TestCaseExecutor.java:227)
	at com.kms.katalon.core.main.TestSuiteExecutor.accessTestCaseMainPhase(TestSuiteExecutor.java:129)
	at com.kms.katalon.core.main.TestSuiteExecutor.accessTestSuiteMainPhase(TestSuiteExecutor.java:112)
	at com.kms.katalon.core.main.TestSuiteExecutor.execute(TestSuiteExecutor.java:81)
	at com.kms.katalon.core.main.TestCaseMain.startTestSuite(TestCaseMain.java:157)
	at com.kms.katalon.core.main.TestCaseMain$startTestSuite$0.call(Unknown Source)
	at TempTestSuite1553753027180.run(TempTestSuite1553753027180.groovy:35)


2019-03-28 13:17:21 - [TEST_STEP][FAILED] - case "PASS":: switch (varExpectedResult.toString()) FAILED.
Reason:
com.kms.katalon.core.exception.StepFailedException: Failed to check for element 'Object Repository/Dashboard/Dashboard_BtnCariDana' visible
	at com.kms.katalon.core.keyword.internal.KeywordMain.stepFailed(KeywordMain.groovy:48)
	at com.kms.katalon.core.mobile.keyword.internal.MobileKeywordMain.stepFailed(MobileKeywordMain.groovy:40)
	at com.kms.katalon.core.mobile.keyword.internal.MobileKeywordMain.runKeyword(MobileKeywordMain.groovy:23)
	at com.kms.katalon.core.mobile.keyword.builtin.VerifyElementVisibleKeyword.verifyElementVisible(VerifyElementVisibleKeyword.groovy:85)
	at com.kms.katalon.core.mobile.keyword.builtin.VerifyElementVisibleKeyword.execute(VerifyElementVisibleKeyword.groovy:64)
	at com.kms.katalon.core.keyword.internal.KeywordExecutor.executeKeywordForPlatform(KeywordExecutor.groovy:56)
	at com.kms.katalon.core.mobile.keyword.MobileBuiltInKeywords.verifyElementVisible(MobileBuiltInKeywords.groovy:897)
	at com.kms.katalon.core.mobile.keyword.MobileBuiltInKeywords$verifyElementVisible$5.call(Unknown Source)
	at Login.run(Login:30)
	at com.kms.katalon.core.main.ScriptEngine.run(ScriptEngine.java:194)
	at com.kms.katalon.core.main.ScriptEngine.runScriptAsRawText(ScriptEngine.java:119)
	at com.kms.katalon.core.main.TestCaseExecutor.runScript(TestCaseExecutor.java:331)
	at com.kms.katalon.core.main.TestCaseExecutor.doExecute(TestCaseExecutor.java:322)
	at com.kms.katalon.core.main.TestCaseExecutor.processExecutionPhase(TestCaseExecutor.java:301)
	at com.kms.katalon.core.main.TestCaseExecutor.accessMainPhase(TestCaseExecutor.java:293)
	at com.kms.katalon.core.main.TestCaseExecutor.execute(TestCaseExecutor.java:227)
	at com.kms.katalon.core.main.TestSuiteExecutor.accessTestCaseMainPhase(TestSuiteExecutor.java:129)
	at com.kms.katalon.core.main.TestSuiteExecutor.accessTestSuiteMainPhase(TestSuiteExecutor.java:112)
	at com.kms.katalon.core.main.TestSuiteExecutor.execute(TestSuiteExecutor.java:81)
	at com.kms.katalon.core.main.TestCaseMain.startTestSuite(TestCaseMain.java:157)
	at com.kms.katalon.core.main.TestCaseMain$startTestSuite$0.call(Unknown Source)
	at TempTestSuite1553753027180.run(TempTestSuite1553753027180.groovy:35)


2019-03-28 13:17:21 - [TEST_STEP][PASSED] - waitForElementPresent(findTestObject("Dashboard/Dashboard_BtnCariDana"), 0): Object Object Repository/Dashboard/Dashboard_BtnCariDana not found

2019-03-28 13:17:21 - [MESSAGE][WARNING] - Timeout '0' is invalid. Using default page load timeout: '30'

2019-03-28 13:17:51 - [MESSAGE][WARNING] - Object Object Repository/Dashboard/Dashboard_BtnCariDana not found

2019-03-28 13:17:51 - [TEST_STEP][FAILED] - verifyElementVisible(findTestObject("Dashboard/Dashboard_BtnCariDana"), 0): switch (varExpectedResult.toString()) FAILED.
Reason:
com.kms.katalon.core.exception.StepFailedException: Failed to check for element 'Object Repository/Dashboard/Dashboard_BtnCariDana' visible
	at com.kms.katalon.core.keyword.internal.KeywordMain.stepFailed(KeywordMain.groovy:48)
	at com.kms.katalon.core.mobile.keyword.internal.MobileKeywordMain.stepFailed(MobileKeywordMain.groovy:40)
	at com.kms.katalon.core.mobile.keyword.internal.MobileKeywordMain.runKeyword(MobileKeywordMain.groovy:23)
	at com.kms.katalon.core.mobile.keyword.builtin.VerifyElementVisibleKeyword.verifyElementVisible(VerifyElementVisibleKeyword.groovy:85)
	at com.kms.katalon.core.mobile.keyword.builtin.VerifyElementVisibleKeyword.execute(VerifyElementVisibleKeyword.groovy:64)
	at com.kms.katalon.core.keyword.internal.KeywordExecutor.executeKeywordForPlatform(KeywordExecutor.groovy:56)
	at com.kms.katalon.core.mobile.keyword.MobileBuiltInKeywords.verifyElementVisible(MobileBuiltInKeywords.groovy:897)
	at com.kms.katalon.core.mobile.keyword.MobileBuiltInKeywords$verifyElementVisible$5.call(Unknown Source)
	at Login.run(Login:30)
	at com.kms.katalon.core.main.ScriptEngine.run(ScriptEngine.java:194)
	at com.kms.katalon.core.main.ScriptEngine.runScriptAsRawText(ScriptEngine.java:119)
	at com.kms.katalon.core.main.TestCaseExecutor.runScript(TestCaseExecutor.java:331)
	at com.kms.katalon.core.main.TestCaseExecutor.doExecute(TestCaseExecutor.java:322)
	at com.kms.katalon.core.main.TestCaseExecutor.processExecutionPhase(TestCaseExecutor.java:301)
	at com.kms.katalon.core.main.TestCaseExecutor.accessMainPhase(TestCaseExecutor.java:293)
	at com.kms.katalon.core.main.TestCaseExecutor.execute(TestCaseExecutor.java:227)
	at com.kms.katalon.core.main.TestSuiteExecutor.accessTestCaseMainPhase(TestSuiteExecutor.java:129)
	at com.kms.katalon.core.main.TestSuiteExecutor.accessTestSuiteMainPhase(TestSuiteExecutor.java:112)
	at com.kms.katalon.core.main.TestSuiteExecutor.execute(TestSuiteExecutor.java:81)
	at com.kms.katalon.core.main.TestCaseMain.startTestSuite(TestCaseMain.java:157)
	at com.kms.katalon.core.main.TestCaseMain$startTestSuite$0.call(Unknown Source)
	at TempTestSuite1553753027180.run(TempTestSuite1553753027180.groovy:35)


2019-03-28 13:17:51 - [MESSAGE][WARNING] - Timeout '0' is invalid. Using default page load timeout: '30'

2019-03-28 13:18:23 - [MESSAGE][FAILED] - Element 'Object Repository/Dashboard/Dashboard_BtnCariDana' not found
[[ATTACHMENT|C:\\Users\\IT-Services\\git\\Project in ACC - ACCOne Mobile\\Reports\\Login\\20190328_130347\\1553753901183.png]]

2019-03-28 13:18:26 - [MESSAGE][FAILED] - Failed to check for element 'Object Repository/Dashboard/Dashboard_BtnCariDana' visible
[[ATTACHMENT|C:\\Users\\IT-Services\\git\\Project in ACC - ACCOne Mobile\\Reports\\Login\\20190328_130347\\1553753903753.png]]

2019-03-28 13:18:26 - [MESSAGE][FAILED] - switch (varExpectedResult.toString()) FAILED.
Reason:
com.kms.katalon.core.exception.StepFailedException: Failed to check for element 'Object Repository/Dashboard/Dashboard_BtnCariDana' visible
	at com.kms.katalon.core.keyword.internal.KeywordMain.stepFailed(KeywordMain.groovy:48)
	at com.kms.katalon.core.mobile.keyword.internal.MobileKeywordMain.stepFailed(MobileKeywordMain.groovy:40)
	at com.kms.katalon.core.mobile.keyword.internal.MobileKeywordMain.runKeyword(MobileKeywordMain.groovy:23)
	at com.kms.katalon.core.mobile.keyword.builtin.VerifyElementVisibleKeyword.verifyElementVisible(VerifyElementVisibleKeyword.groovy:85)
	at com.kms.katalon.core.mobile.keyword.builtin.VerifyElementVisibleKeyword.execute(VerifyElementVisibleKeyword.groovy:64)
	at com.kms.katalon.core.keyword.internal.KeywordExecutor.executeKeywordForPlatform(KeywordExecutor.groovy:56)
	at com.kms.katalon.core.mobile.keyword.MobileBuiltInKeywords.verifyElementVisible(MobileBuiltInKeywords.groovy:897)
	at com.kms.katalon.core.mobile.keyword.MobileBuiltInKeywords$verifyElementVisible$5.call(Unknown Source)
	at Login.run(Login:30)
	at com.kms.katalon.core.main.ScriptEngine.run(ScriptEngine.java:194)
	at com.kms.katalon.core.main.ScriptEngine.runScriptAsRawText(ScriptEngine.java:119)
	at com.kms.katalon.core.main.TestCaseExecutor.runScript(TestCaseExecutor.java:331)
	at com.kms.katalon.core.main.TestCaseExecutor.doExecute(TestCaseExecutor.java:322)
	at com.kms.katalon.core.main.TestCaseExecutor.processExecutionPhase(TestCaseExecutor.java:301)
	at com.kms.katalon.core.main.TestCaseExecutor.accessMainPhase(TestCaseExecutor.java:293)
	at com.kms.katalon.core.main.TestCaseExecutor.execute(TestCaseExecutor.java:227)
	at com.kms.katalon.core.main.TestSuiteExecutor.accessTestCaseMainPhase(TestSuiteExecutor.java:129)
	at com.kms.katalon.core.main.TestSuiteExecutor.accessTestSuiteMainPhase(TestSuiteExecutor.java:112)
	at com.kms.katalon.core.main.TestSuiteExecutor.execute(TestSuiteExecutor.java:81)
	at com.kms.katalon.core.main.TestCaseMain.startTestSuite(TestCaseMain.java:157)
	at com.kms.katalon.core.main.TestCaseMain$startTestSuite$0.call(Unknown Source)
	at TempTestSuite1553753027180.run(TempTestSuite1553753027180.groovy:35)]]></system-out>
         <system-err><![CDATA[2019-03-28 13:16:03 - [TEST_CASE][FAILED] - Test Cases/Dashboard/Login/Login: Test Cases/Dashboard/Login/Login FAILED.
Reason:
com.kms.katalon.core.exception.StepFailedException: Failed to check for element 'Object Repository/Dashboard/Dashboard_BtnCariDana' visible
	at com.kms.katalon.core.keyword.internal.KeywordMain.stepFailed(KeywordMain.groovy:48)
	at com.kms.katalon.core.mobile.keyword.internal.MobileKeywordMain.stepFailed(MobileKeywordMain.groovy:40)
	at com.kms.katalon.core.mobile.keyword.internal.MobileKeywordMain.runKeyword(MobileKeywordMain.groovy:23)
	at com.kms.katalon.core.mobile.keyword.builtin.VerifyElementVisibleKeyword.verifyElementVisible(VerifyElementVisibleKeyword.groovy:85)
	at com.kms.katalon.core.mobile.keyword.builtin.VerifyElementVisibleKeyword.execute(VerifyElementVisibleKeyword.groovy:64)
	at com.kms.katalon.core.keyword.internal.KeywordExecutor.executeKeywordForPlatform(KeywordExecutor.groovy:56)
	at com.kms.katalon.core.mobile.keyword.MobileBuiltInKeywords.verifyElementVisible(MobileBuiltInKeywords.groovy:897)
	at com.kms.katalon.core.mobile.keyword.MobileBuiltInKeywords$verifyElementVisible$5.call(Unknown Source)
	at Login.run(Login:30)
	at com.kms.katalon.core.main.ScriptEngine.run(ScriptEngine.java:194)
	at com.kms.katalon.core.main.ScriptEngine.runScriptAsRawText(ScriptEngine.java:119)
	at com.kms.katalon.core.main.TestCaseExecutor.runScript(TestCaseExecutor.java:331)
	at com.kms.katalon.core.main.TestCaseExecutor.doExecute(TestCaseExecutor.java:322)
	at com.kms.katalon.core.main.TestCaseExecutor.processExecutionPhase(TestCaseExecutor.java:301)
	at com.kms.katalon.core.main.TestCaseExecutor.accessMainPhase(TestCaseExecutor.java:293)
	at com.kms.katalon.core.main.TestCaseExecutor.execute(TestCaseExecutor.java:227)
	at com.kms.katalon.core.main.TestSuiteExecutor.accessTestCaseMainPhase(TestSuiteExecutor.java:129)
	at com.kms.katalon.core.main.TestSuiteExecutor.accessTestSuiteMainPhase(TestSuiteExecutor.java:112)
	at com.kms.katalon.core.main.TestSuiteExecutor.execute(TestSuiteExecutor.java:81)
	at com.kms.katalon.core.main.TestCaseMain.startTestSuite(TestCaseMain.java:157)
	at com.kms.katalon.core.main.TestCaseMain$startTestSuite$0.call(Unknown Source)
	at TempTestSuite1553753027180.run(TempTestSuite1553753027180.groovy:35)]]></system-err>
      </testcase>
      <testcase name="Test Cases/Dashboard/Login/Login" classname="Test Cases/Dashboard/Login/Login" status="PASSED">
         <system-out><![CDATA[2019-03-28 13:18:26 - [TEST_CASE][PASSED] - Test Cases/Dashboard/Login/Login: Test Cases/Dashboard/Login/Login

2019-03-28 13:18:26 - [TEST_STEP][PASSED] - startApplication("C:\Users\IT-Services\Katalon Studio\ACCONE Mobile\accone tst env 24 maret 2019.apk", false): Started app at: 'C:\Users\IT-Services\Katalon Studio\ACCONE Mobile\accone tst env 24 maret 2019.apk'

2019-03-28 13:19:22 - [MESSAGE][PASSED] - Started app at: 'C:\Users\IT-Services\Katalon Studio\ACCONE Mobile\accone tst env 24 maret 2019.apk'

2019-03-28 13:19:22 - [TEST_STEP][PASSED] - tap(findTestObject("Dashboard/Dashboard_MenuLogin"), 0): Tapped on element 'Object Repository/Dashboard/Dashboard_MenuLogin'

2019-03-28 13:19:22 - [MESSAGE][WARNING] - Timeout '0' is invalid. Using default page load timeout: '30'

2019-03-28 13:19:29 - [MESSAGE][PASSED] - Tapped on element 'Object Repository/Dashboard/Dashboard_MenuLogin'

2019-03-28 13:19:29 - [TEST_STEP][PASSED] - setText(findTestObject("Dashboard/Login/Login_InpEmail"), varUsername, 0): Text '' has been set to element 'Object Repository/Dashboard/Login/Login_InpEmail'

2019-03-28 13:19:29 - [MESSAGE][WARNING] - Timeout '0' is invalid. Using default page load timeout: '30'

2019-03-28 13:19:31 - [MESSAGE][PASSED] - Text '' has been set to element 'Object Repository/Dashboard/Login/Login_InpEmail'

2019-03-28 13:19:31 - [TEST_STEP][PASSED] - setText(findTestObject("Dashboard/Login/Login_InpPassword"), varPassword, 0): Text '' has been set to element 'Object Repository/Dashboard/Login/Login_InpPassword'

2019-03-28 13:19:31 - [MESSAGE][WARNING] - Timeout '0' is invalid. Using default page load timeout: '30'

2019-03-28 13:19:32 - [MESSAGE][PASSED] - Text '' has been set to element 'Object Repository/Dashboard/Login/Login_InpPassword'

2019-03-28 13:19:32 - [TEST_STEP][PASSED] - tap(findTestObject("Dashboard/Login/Login_BtnMasuk"), 0): Tapped on element 'Object Repository/Dashboard/Login/Login_BtnMasuk'

2019-03-28 13:19:32 - [MESSAGE][WARNING] - Timeout '0' is invalid. Using default page load timeout: '30'

2019-03-28 13:19:34 - [MESSAGE][PASSED] - Tapped on element 'Object Repository/Dashboard/Login/Login_BtnMasuk'

2019-03-28 13:19:34 - [TEST_STEP][PASSED] - switch (varExpectedResult.toString()): null

2019-03-28 13:19:34 - [TEST_STEP][PASSED] - case "DISABLEDBUTTON":: null

2019-03-28 13:19:34 - [TEST_STEP][PASSED] - verifyElementNotVisible(findTestObject("Dashboard/Dashboard_BtnCariDana"), 0): Element 'Object Repository/Dashboard/Dashboard_BtnCariDana' not found

2019-03-28 13:19:34 - [MESSAGE][WARNING] - Timeout '0' is invalid. Using default page load timeout: '30'

2019-03-28 13:20:04 - [MESSAGE][PASSED] - Element 'Object Repository/Dashboard/Dashboard_BtnCariDana' not found

2019-03-28 13:20:04 - [TEST_STEP][PASSED] - break: null

2019-03-28 13:20:04 - [TEST_STEP][PASSED] - closeApplication(): Close app successfully

2019-03-28 13:20:06 - [MESSAGE][PASSED] - Close app successfully]]></system-out>
         <system-err><![CDATA[]]></system-err>
      </testcase>
      <testcase name="Test Cases/Dashboard/Login/Login" classname="Test Cases/Dashboard/Login/Login" status="PASSED">
         <system-out><![CDATA[2019-03-28 13:20:06 - [TEST_CASE][PASSED] - Test Cases/Dashboard/Login/Login: Test Cases/Dashboard/Login/Login

2019-03-28 13:20:06 - [TEST_STEP][PASSED] - startApplication("C:\Users\IT-Services\Katalon Studio\ACCONE Mobile\accone tst env 24 maret 2019.apk", false): Started app at: 'C:\Users\IT-Services\Katalon Studio\ACCONE Mobile\accone tst env 24 maret 2019.apk'

2019-03-28 13:20:14 - [MESSAGE][INFO] - Appium server started on port 7,461

2019-03-28 13:21:08 - [MESSAGE][PASSED] - Started app at: 'C:\Users\IT-Services\Katalon Studio\ACCONE Mobile\accone tst env 24 maret 2019.apk'

2019-03-28 13:21:08 - [TEST_STEP][PASSED] - tap(findTestObject("Dashboard/Dashboard_MenuLogin"), 0): Tapped on element 'Object Repository/Dashboard/Dashboard_MenuLogin'

2019-03-28 13:21:09 - [MESSAGE][WARNING] - Timeout '0' is invalid. Using default page load timeout: '30'

2019-03-28 13:21:21 - [MESSAGE][PASSED] - Tapped on element 'Object Repository/Dashboard/Dashboard_MenuLogin'

2019-03-28 13:21:21 - [TEST_STEP][PASSED] - setText(findTestObject("Dashboard/Login/Login_InpEmail"), varUsername, 0): Text '81904067865' has been set to element 'Object Repository/Dashboard/Login/Login_InpEmail'

2019-03-28 13:21:21 - [MESSAGE][WARNING] - Timeout '0' is invalid. Using default page load timeout: '30'

2019-03-28 13:21:22 - [MESSAGE][PASSED] - Text '81904067865' has been set to element 'Object Repository/Dashboard/Login/Login_InpEmail'

2019-03-28 13:21:22 - [TEST_STEP][PASSED] - setText(findTestObject("Dashboard/Login/Login_InpPassword"), varPassword, 0): Text '' has been set to element 'Object Repository/Dashboard/Login/Login_InpPassword'

2019-03-28 13:21:22 - [MESSAGE][WARNING] - Timeout '0' is invalid. Using default page load timeout: '30'

2019-03-28 13:21:24 - [MESSAGE][PASSED] - Text '' has been set to element 'Object Repository/Dashboard/Login/Login_InpPassword'

2019-03-28 13:21:24 - [TEST_STEP][PASSED] - tap(findTestObject("Dashboard/Login/Login_BtnMasuk"), 0): Tapped on element 'Object Repository/Dashboard/Login/Login_BtnMasuk'

2019-03-28 13:21:24 - [MESSAGE][WARNING] - Timeout '0' is invalid. Using default page load timeout: '30'

2019-03-28 13:21:25 - [MESSAGE][PASSED] - Tapped on element 'Object Repository/Dashboard/Login/Login_BtnMasuk'

2019-03-28 13:21:25 - [TEST_STEP][PASSED] - switch (varExpectedResult.toString()): null

2019-03-28 13:21:25 - [TEST_STEP][PASSED] - case "DISABLEDBUTTON":: null

2019-03-28 13:21:25 - [TEST_STEP][PASSED] - verifyElementNotVisible(findTestObject("Dashboard/Dashboard_BtnCariDana"), 0): Element 'Object Repository/Dashboard/Dashboard_BtnCariDana' not found

2019-03-28 13:21:25 - [MESSAGE][WARNING] - Timeout '0' is invalid. Using default page load timeout: '30'

2019-03-28 13:21:55 - [MESSAGE][PASSED] - Element 'Object Repository/Dashboard/Dashboard_BtnCariDana' not found

2019-03-28 13:21:55 - [TEST_STEP][PASSED] - break: null

2019-03-28 13:21:55 - [TEST_STEP][PASSED] - closeApplication(): Close app successfully

2019-03-28 13:21:58 - [MESSAGE][PASSED] - Close app successfully]]></system-out>
         <system-err><![CDATA[]]></system-err>
      </testcase>
      <testcase name="Test Cases/Dashboard/Login/Login" classname="Test Cases/Dashboard/Login/Login" status="PASSED">
         <system-out><![CDATA[2019-03-28 13:21:58 - [TEST_CASE][PASSED] - Test Cases/Dashboard/Login/Login: Test Cases/Dashboard/Login/Login

2019-03-28 13:21:58 - [TEST_STEP][PASSED] - startApplication("C:\Users\IT-Services\Katalon Studio\ACCONE Mobile\accone tst env 24 maret 2019.apk", false): Started app at: 'C:\Users\IT-Services\Katalon Studio\ACCONE Mobile\accone tst env 24 maret 2019.apk'

2019-03-28 13:22:06 - [MESSAGE][INFO] - Appium server started on port 8,102

2019-03-28 13:23:02 - [MESSAGE][PASSED] - Started app at: 'C:\Users\IT-Services\Katalon Studio\ACCONE Mobile\accone tst env 24 maret 2019.apk'

2019-03-28 13:23:02 - [TEST_STEP][PASSED] - tap(findTestObject("Dashboard/Dashboard_MenuLogin"), 0): Tapped on element 'Object Repository/Dashboard/Dashboard_MenuLogin'

2019-03-28 13:23:02 - [MESSAGE][WARNING] - Timeout '0' is invalid. Using default page load timeout: '30'

2019-03-28 13:23:09 - [MESSAGE][PASSED] - Tapped on element 'Object Repository/Dashboard/Dashboard_MenuLogin'

2019-03-28 13:23:09 - [TEST_STEP][PASSED] - setText(findTestObject("Dashboard/Login/Login_InpEmail"), varUsername, 0): Text '' has been set to element 'Object Repository/Dashboard/Login/Login_InpEmail'

2019-03-28 13:23:09 - [MESSAGE][WARNING] - Timeout '0' is invalid. Using default page load timeout: '30'

2019-03-28 13:23:11 - [MESSAGE][PASSED] - Text '' has been set to element 'Object Repository/Dashboard/Login/Login_InpEmail'

2019-03-28 13:23:11 - [TEST_STEP][PASSED] - setText(findTestObject("Dashboard/Login/Login_InpPassword"), varPassword, 0): Text 'Password1!' has been set to element 'Object Repository/Dashboard/Login/Login_InpPassword'

2019-03-28 13:23:11 - [MESSAGE][WARNING] - Timeout '0' is invalid. Using default page load timeout: '30'

2019-03-28 13:23:12 - [MESSAGE][PASSED] - Text 'Password1!' has been set to element 'Object Repository/Dashboard/Login/Login_InpPassword'

2019-03-28 13:23:12 - [TEST_STEP][PASSED] - tap(findTestObject("Dashboard/Login/Login_BtnMasuk"), 0): Tapped on element 'Object Repository/Dashboard/Login/Login_BtnMasuk'

2019-03-28 13:23:13 - [MESSAGE][WARNING] - Timeout '0' is invalid. Using default page load timeout: '30'

2019-03-28 13:23:15 - [MESSAGE][PASSED] - Tapped on element 'Object Repository/Dashboard/Login/Login_BtnMasuk'

2019-03-28 13:23:15 - [TEST_STEP][PASSED] - switch (varExpectedResult.toString()): null

2019-03-28 13:23:15 - [TEST_STEP][PASSED] - case "DISABLEDBUTTON":: null

2019-03-28 13:23:15 - [TEST_STEP][PASSED] - verifyElementNotVisible(findTestObject("Dashboard/Dashboard_BtnCariDana"), 0): Element 'Object Repository/Dashboard/Dashboard_BtnCariDana' not found

2019-03-28 13:23:15 - [MESSAGE][WARNING] - Timeout '0' is invalid. Using default page load timeout: '30'

2019-03-28 13:23:46 - [MESSAGE][PASSED] - Element 'Object Repository/Dashboard/Dashboard_BtnCariDana' not found

2019-03-28 13:23:46 - [TEST_STEP][PASSED] - break: null

2019-03-28 13:23:46 - [TEST_STEP][PASSED] - closeApplication(): Close app successfully

2019-03-28 13:23:48 - [MESSAGE][PASSED] - Close app successfully]]></system-out>
         <system-err><![CDATA[]]></system-err>
      </testcase>
      <testcase name="Test Cases/Dashboard/Login/Login" classname="Test Cases/Dashboard/Login/Login" status="PASSED">
         <system-out><![CDATA[2019-03-28 13:23:48 - [TEST_CASE][PASSED] - Test Cases/Dashboard/Login/Login: Test Cases/Dashboard/Login/Login

2019-03-28 13:23:48 - [TEST_STEP][PASSED] - startApplication("C:\Users\IT-Services\Katalon Studio\ACCONE Mobile\accone tst env 24 maret 2019.apk", false): Started app at: 'C:\Users\IT-Services\Katalon Studio\ACCONE Mobile\accone tst env 24 maret 2019.apk'

2019-03-28 13:23:56 - [MESSAGE][INFO] - Appium server started on port 8,649

2019-03-28 13:24:53 - [MESSAGE][PASSED] - Started app at: 'C:\Users\IT-Services\Katalon Studio\ACCONE Mobile\accone tst env 24 maret 2019.apk'

2019-03-28 13:24:53 - [TEST_STEP][PASSED] - tap(findTestObject("Dashboard/Dashboard_MenuLogin"), 0): Tapped on element 'Object Repository/Dashboard/Dashboard_MenuLogin'

2019-03-28 13:24:53 - [MESSAGE][WARNING] - Timeout '0' is invalid. Using default page load timeout: '30'

2019-03-28 13:25:02 - [MESSAGE][PASSED] - Tapped on element 'Object Repository/Dashboard/Dashboard_MenuLogin'

2019-03-28 13:25:02 - [TEST_STEP][PASSED] - setText(findTestObject("Dashboard/Login/Login_InpEmail"), varUsername, 0): Text '81166' has been set to element 'Object Repository/Dashboard/Login/Login_InpEmail'

2019-03-28 13:25:02 - [MESSAGE][WARNING] - Timeout '0' is invalid. Using default page load timeout: '30'

2019-03-28 13:25:03 - [MESSAGE][PASSED] - Text '81166' has been set to element 'Object Repository/Dashboard/Login/Login_InpEmail'

2019-03-28 13:25:03 - [TEST_STEP][PASSED] - setText(findTestObject("Dashboard/Login/Login_InpPassword"), varPassword, 0): Text 'Passwordsalah' has been set to element 'Object Repository/Dashboard/Login/Login_InpPassword'

2019-03-28 13:25:03 - [MESSAGE][WARNING] - Timeout '0' is invalid. Using default page load timeout: '30'

2019-03-28 13:25:05 - [MESSAGE][PASSED] - Text 'Passwordsalah' has been set to element 'Object Repository/Dashboard/Login/Login_InpPassword'

2019-03-28 13:25:05 - [TEST_STEP][PASSED] - tap(findTestObject("Dashboard/Login/Login_BtnMasuk"), 0): Tapped on element 'Object Repository/Dashboard/Login/Login_BtnMasuk'

2019-03-28 13:25:05 - [MESSAGE][WARNING] - Timeout '0' is invalid. Using default page load timeout: '30'

2019-03-28 13:25:08 - [MESSAGE][PASSED] - Tapped on element 'Object Repository/Dashboard/Login/Login_BtnMasuk'

2019-03-28 13:25:08 - [TEST_STEP][PASSED] - switch (varExpectedResult.toString()): null

2019-03-28 13:25:08 - [TEST_STEP][PASSED] - case "FAIL":: null

2019-03-28 13:25:08 - [TEST_STEP][PASSED] - verifyElementText(findTestObject("Dashboard/Login/Login_TxtUsernamePasswordSalah"), "Username/Password Salah."): Actual text and expected text of test object 'Object Repository/Dashboard/Login/Login_TxtUsernamePasswordSalah' are matched.

2019-03-28 13:25:09 - [MESSAGE][PASSED] - Actual text and expected text of test object 'Object Repository/Dashboard/Login/Login_TxtUsernamePasswordSalah' are matched.

2019-03-28 13:25:09 - [TEST_STEP][PASSED] - break: null

2019-03-28 13:25:09 - [TEST_STEP][PASSED] - closeApplication(): Close app successfully

2019-03-28 13:25:11 - [MESSAGE][PASSED] - Close app successfully]]></system-out>
         <system-err><![CDATA[]]></system-err>
      </testcase>
      <testcase name="Test Cases/Dashboard/Login/Login" classname="Test Cases/Dashboard/Login/Login" status="PASSED">
         <system-out><![CDATA[2019-03-28 13:25:11 - [TEST_CASE][PASSED] - Test Cases/Dashboard/Login/Login: Test Cases/Dashboard/Login/Login

2019-03-28 13:25:11 - [TEST_STEP][PASSED] - startApplication("C:\Users\IT-Services\Katalon Studio\ACCONE Mobile\accone tst env 24 maret 2019.apk", false): Started app at: 'C:\Users\IT-Services\Katalon Studio\ACCONE Mobile\accone tst env 24 maret 2019.apk'

2019-03-28 13:25:20 - [MESSAGE][INFO] - Appium server started on port 8,932

2019-03-28 13:26:18 - [MESSAGE][PASSED] - Started app at: 'C:\Users\IT-Services\Katalon Studio\ACCONE Mobile\accone tst env 24 maret 2019.apk'

2019-03-28 13:26:18 - [TEST_STEP][PASSED] - tap(findTestObject("Dashboard/Dashboard_MenuLogin"), 0): Tapped on element 'Object Repository/Dashboard/Dashboard_MenuLogin'

2019-03-28 13:26:18 - [MESSAGE][WARNING] - Timeout '0' is invalid. Using default page load timeout: '30'

2019-03-28 13:26:25 - [MESSAGE][PASSED] - Tapped on element 'Object Repository/Dashboard/Dashboard_MenuLogin'

2019-03-28 13:26:25 - [TEST_STEP][PASSED] - setText(findTestObject("Dashboard/Login/Login_InpEmail"), varUsername, 0): Text '81904067865' has been set to element 'Object Repository/Dashboard/Login/Login_InpEmail'

2019-03-28 13:26:25 - [MESSAGE][WARNING] - Timeout '0' is invalid. Using default page load timeout: '30'

2019-03-28 13:26:27 - [MESSAGE][PASSED] - Text '81904067865' has been set to element 'Object Repository/Dashboard/Login/Login_InpEmail'

2019-03-28 13:26:27 - [TEST_STEP][PASSED] - setText(findTestObject("Dashboard/Login/Login_InpPassword"), varPassword, 0): Text 'Passwordsalah' has been set to element 'Object Repository/Dashboard/Login/Login_InpPassword'

2019-03-28 13:26:27 - [MESSAGE][WARNING] - Timeout '0' is invalid. Using default page load timeout: '30'

2019-03-28 13:26:29 - [MESSAGE][PASSED] - Text 'Passwordsalah' has been set to element 'Object Repository/Dashboard/Login/Login_InpPassword'

2019-03-28 13:26:29 - [TEST_STEP][PASSED] - tap(findTestObject("Dashboard/Login/Login_BtnMasuk"), 0): Tapped on element 'Object Repository/Dashboard/Login/Login_BtnMasuk'

2019-03-28 13:26:29 - [MESSAGE][WARNING] - Timeout '0' is invalid. Using default page load timeout: '30'

2019-03-28 13:26:31 - [MESSAGE][PASSED] - Tapped on element 'Object Repository/Dashboard/Login/Login_BtnMasuk'

2019-03-28 13:26:31 - [TEST_STEP][PASSED] - switch (varExpectedResult.toString()): null

2019-03-28 13:26:31 - [TEST_STEP][PASSED] - case "FAIL":: null

2019-03-28 13:26:31 - [TEST_STEP][PASSED] - verifyElementText(findTestObject("Dashboard/Login/Login_TxtUsernamePasswordSalah"), "Username/Password Salah."): Actual text and expected text of test object 'Object Repository/Dashboard/Login/Login_TxtUsernamePasswordSalah' are matched.

2019-03-28 13:26:32 - [MESSAGE][PASSED] - Actual text and expected text of test object 'Object Repository/Dashboard/Login/Login_TxtUsernamePasswordSalah' are matched.

2019-03-28 13:26:32 - [TEST_STEP][PASSED] - break: null

2019-03-28 13:26:32 - [TEST_STEP][PASSED] - closeApplication(): Close app successfully

2019-03-28 13:26:34 - [MESSAGE][PASSED] - Close app successfully]]></system-out>
         <system-err><![CDATA[]]></system-err>
      </testcase>
      <testcase name="Test Cases/Dashboard/Login/Login" classname="Test Cases/Dashboard/Login/Login" status="PASSED">
         <system-out><![CDATA[2019-03-28 13:26:34 - [TEST_CASE][PASSED] - Test Cases/Dashboard/Login/Login: Test Cases/Dashboard/Login/Login

2019-03-28 13:26:34 - [TEST_STEP][PASSED] - startApplication("C:\Users\IT-Services\Katalon Studio\ACCONE Mobile\accone tst env 24 maret 2019.apk", false): Started app at: 'C:\Users\IT-Services\Katalon Studio\ACCONE Mobile\accone tst env 24 maret 2019.apk'

2019-03-28 13:26:43 - [MESSAGE][INFO] - Appium server started on port 9,217

2019-03-28 13:27:37 - [MESSAGE][PASSED] - Started app at: 'C:\Users\IT-Services\Katalon Studio\ACCONE Mobile\accone tst env 24 maret 2019.apk'

2019-03-28 13:27:37 - [TEST_STEP][PASSED] - tap(findTestObject("Dashboard/Dashboard_MenuLogin"), 0): Tapped on element 'Object Repository/Dashboard/Dashboard_MenuLogin'

2019-03-28 13:27:37 - [MESSAGE][WARNING] - Timeout '0' is invalid. Using default page load timeout: '30'

2019-03-28 13:27:44 - [MESSAGE][PASSED] - Tapped on element 'Object Repository/Dashboard/Dashboard_MenuLogin'

2019-03-28 13:27:44 - [TEST_STEP][PASSED] - setText(findTestObject("Dashboard/Login/Login_InpEmail"), varUsername, 0): Text '81166' has been set to element 'Object Repository/Dashboard/Login/Login_InpEmail'

2019-03-28 13:27:44 - [MESSAGE][WARNING] - Timeout '0' is invalid. Using default page load timeout: '30'

2019-03-28 13:27:46 - [MESSAGE][PASSED] - Text '81166' has been set to element 'Object Repository/Dashboard/Login/Login_InpEmail'

2019-03-28 13:27:46 - [TEST_STEP][PASSED] - setText(findTestObject("Dashboard/Login/Login_InpPassword"), varPassword, 0): Text 'Password1!' has been set to element 'Object Repository/Dashboard/Login/Login_InpPassword'

2019-03-28 13:27:46 - [MESSAGE][WARNING] - Timeout '0' is invalid. Using default page load timeout: '30'

2019-03-28 13:27:48 - [MESSAGE][PASSED] - Text 'Password1!' has been set to element 'Object Repository/Dashboard/Login/Login_InpPassword'

2019-03-28 13:27:48 - [TEST_STEP][PASSED] - tap(findTestObject("Dashboard/Login/Login_BtnMasuk"), 0): Tapped on element 'Object Repository/Dashboard/Login/Login_BtnMasuk'

2019-03-28 13:27:48 - [MESSAGE][WARNING] - Timeout '0' is invalid. Using default page load timeout: '30'

2019-03-28 13:27:51 - [MESSAGE][PASSED] - Tapped on element 'Object Repository/Dashboard/Login/Login_BtnMasuk'

2019-03-28 13:27:51 - [TEST_STEP][PASSED] - switch (varExpectedResult.toString()): null

2019-03-28 13:27:51 - [TEST_STEP][PASSED] - case "FAIL":: null

2019-03-28 13:27:51 - [TEST_STEP][PASSED] - verifyElementText(findTestObject("Dashboard/Login/Login_TxtUsernamePasswordSalah"), "Username/Password Salah."): Actual text and expected text of test object 'Object Repository/Dashboard/Login/Login_TxtUsernamePasswordSalah' are matched.

2019-03-28 13:27:51 - [MESSAGE][PASSED] - Actual text and expected text of test object 'Object Repository/Dashboard/Login/Login_TxtUsernamePasswordSalah' are matched.

2019-03-28 13:27:51 - [TEST_STEP][PASSED] - break: null

2019-03-28 13:27:51 - [TEST_STEP][PASSED] - closeApplication(): Close app successfully

2019-03-28 13:27:54 - [MESSAGE][PASSED] - Close app successfully]]></system-out>
         <system-err><![CDATA[]]></system-err>
      </testcase>
      <system-out><![CDATA[2019-03-28 13:03:51 - [TEST_SUITE][FAILED] - Login: Test Cases/Dashboard/Login/Login FAILED.
Reason:
com.kms.katalon.core.exception.StepFailedException: Failed to check for element 'Object Repository/Dashboard/Dashboard_BtnCariDana' visible
	at com.kms.katalon.core.keyword.internal.KeywordMain.stepFailed(KeywordMain.groovy:48)
	at com.kms.katalon.core.mobile.keyword.internal.MobileKeywordMain.stepFailed(MobileKeywordMain.groovy:40)
	at com.kms.katalon.core.mobile.keyword.internal.MobileKeywordMain.runKeyword(MobileKeywordMain.groovy:23)
	at com.kms.katalon.core.mobile.keyword.builtin.VerifyElementVisibleKeyword.verifyElementVisible(VerifyElementVisibleKeyword.groovy:85)
	at com.kms.katalon.core.mobile.keyword.builtin.VerifyElementVisibleKeyword.execute(VerifyElementVisibleKeyword.groovy:64)
	at com.kms.katalon.core.keyword.internal.KeywordExecutor.executeKeywordForPlatform(KeywordExecutor.groovy:56)
	at com.kms.katalon.core.mobile.keyword.MobileBuiltInKeywords.verifyElementVisible(MobileBuiltInKeywords.groovy:897)
	at com.kms.katalon.core.mobile.keyword.MobileBuiltInKeywords$verifyElementVisible$5.call(Unknown Source)
	at Login.run(Login:30)
	at com.kms.katalon.core.main.ScriptEngine.run(ScriptEngine.java:194)
	at com.kms.katalon.core.main.ScriptEngine.runScriptAsRawText(ScriptEngine.java:119)
	at com.kms.katalon.core.main.TestCaseExecutor.runScript(TestCaseExecutor.java:331)
	at com.kms.katalon.core.main.TestCaseExecutor.doExecute(TestCaseExecutor.java:322)
	at com.kms.katalon.core.main.TestCaseExecutor.processExecutionPhase(TestCaseExecutor.java:301)
	at com.kms.katalon.core.main.TestCaseExecutor.accessMainPhase(TestCaseExecutor.java:293)
	at com.kms.katalon.core.main.TestCaseExecutor.execute(TestCaseExecutor.java:227)
	at com.kms.katalon.core.main.TestSuiteExecutor.accessTestCaseMainPhase(TestSuiteExecutor.java:129)
	at com.kms.katalon.core.main.TestSuiteExecutor.accessTestSuiteMainPhase(TestSuiteExecutor.java:112)
	at com.kms.katalon.core.main.TestSuiteExecutor.execute(TestSuiteExecutor.java:81)
	at com.kms.katalon.core.main.TestCaseMain.startTestSuite(TestCaseMain.java:157)
	at com.kms.katalon.core.main.TestCaseMain$startTestSuite$0.call(Unknown Source)
	at TempTestSuite1553753027180.run(TempTestSuite1553753027180.groovy:35)]]></system-out>
      <system-err><![CDATA[2019-03-28 13:03:51 - [TEST_SUITE][FAILED] - Login: Test Cases/Dashboard/Login/Login FAILED.
Reason:
com.kms.katalon.core.exception.StepFailedException: Failed to check for element 'Object Repository/Dashboard/Dashboard_BtnCariDana' visible
	at com.kms.katalon.core.keyword.internal.KeywordMain.stepFailed(KeywordMain.groovy:48)
	at com.kms.katalon.core.mobile.keyword.internal.MobileKeywordMain.stepFailed(MobileKeywordMain.groovy:40)
	at com.kms.katalon.core.mobile.keyword.internal.MobileKeywordMain.runKeyword(MobileKeywordMain.groovy:23)
	at com.kms.katalon.core.mobile.keyword.builtin.VerifyElementVisibleKeyword.verifyElementVisible(VerifyElementVisibleKeyword.groovy:85)
	at com.kms.katalon.core.mobile.keyword.builtin.VerifyElementVisibleKeyword.execute(VerifyElementVisibleKeyword.groovy:64)
	at com.kms.katalon.core.keyword.internal.KeywordExecutor.executeKeywordForPlatform(KeywordExecutor.groovy:56)
	at com.kms.katalon.core.mobile.keyword.MobileBuiltInKeywords.verifyElementVisible(MobileBuiltInKeywords.groovy:897)
	at com.kms.katalon.core.mobile.keyword.MobileBuiltInKeywords$verifyElementVisible$5.call(Unknown Source)
	at Login.run(Login:30)
	at com.kms.katalon.core.main.ScriptEngine.run(ScriptEngine.java:194)
	at com.kms.katalon.core.main.ScriptEngine.runScriptAsRawText(ScriptEngine.java:119)
	at com.kms.katalon.core.main.TestCaseExecutor.runScript(TestCaseExecutor.java:331)
	at com.kms.katalon.core.main.TestCaseExecutor.doExecute(TestCaseExecutor.java:322)
	at com.kms.katalon.core.main.TestCaseExecutor.processExecutionPhase(TestCaseExecutor.java:301)
	at com.kms.katalon.core.main.TestCaseExecutor.accessMainPhase(TestCaseExecutor.java:293)
	at com.kms.katalon.core.main.TestCaseExecutor.execute(TestCaseExecutor.java:227)
	at com.kms.katalon.core.main.TestSuiteExecutor.accessTestCaseMainPhase(TestSuiteExecutor.java:129)
	at com.kms.katalon.core.main.TestSuiteExecutor.accessTestSuiteMainPhase(TestSuiteExecutor.java:112)
	at com.kms.katalon.core.main.TestSuiteExecutor.execute(TestSuiteExecutor.java:81)
	at com.kms.katalon.core.main.TestCaseMain.startTestSuite(TestCaseMain.java:157)
	at com.kms.katalon.core.main.TestCaseMain$startTestSuite$0.call(Unknown Source)
	at TempTestSuite1553753027180.run(TempTestSuite1553753027180.groovy:35)]]></system-err>
   </testsuite>
</testsuites>
